This is pdfTeX, Version 3.141592653-2.6-1.40.24 (MiKTeX 22.10) (preloaded format=pdflatex 2022.11.13)  25 SEP 2025 10:13
entering extended mode
 restricted \write18 enabled.
 %&-line parsing enabled.
**./0_titulo.tex
(0_titulo.tex
LaTeX2e <2022-06-01> patch level 5
L3 programming layer <2022-09-28>
! Undefined control sequence.
<argument> \includegraphics 
                            [width=0.6\textwidth ]{images/UOC-logo}
l.8 ...hics[width=0.6\textwidth]{images/UOC-logo}}
                                                  
? 
! Emergency stop.
<argument> \includegraphics 
                            [width=0.6\textwidth ]{images/UOC-logo}
l.8 ...hics[width=0.6\textwidth]{images/UOC-logo}}
                                                  
End of file on the terminal!

 
Here is how much of TeX's memory you used:
 19 strings out of 475385
 446 string characters out of 2776434
 340166 words of memory out of 3000000
 21500 multiletter control sequences out of 15000+600000
 469259 words of font info for 28 fonts, out of 8000000 for 9000
 1141 hyphenation exceptions out of 8191
 13i,0n,12p,84b,10s stack positions out of 10000i,1000n,20000p,200000b,80000s
!  ==> Fatal error occurred, no output PDF file produced!
