\BOOKMARK [1][-]{section.1}{\376\377\000I\000n\000t\000r\000o\000d\000u\000c\000c\000i\000\363\000n}{}% 1
\BOOKMARK [1][-]{section.2}{\376\377\000A\000d\000m\000i\000n\000i\000s\000t\000r\000a\000c\000i\000\363\000n}{}% 2
\BOOKMARK [2][-]{subsection.2.1}{\376\377\000A\000s\000i\000s\000t\000e\000n\000t\000e\000\040\000d\000e\000\040\000i\000n\000s\000t\000a\000l\000a\000c\000i\000\363\000n}{section.2}% 3
\BOOKMARK [2][-]{subsection.2.2}{\376\377\000A\000d\000m\000i\000n\000i\000s\000t\000r\000a\000c\000i\000\363\000n\000\040\000w\000e\000b}{section.2}% 4
\BOOKMARK [3][-]{subsubsection.2.2.1}{\376\377\000A\000d\000m\000i\000n\000i\000s\000t\000r\000a\000c\000i\000\363\000n\000\040\000w\000e\000b\000\040\000p\000a\000r\000a\000\040\000e\000l\000\040\000r\000o\000l\000\040\000A\000d\000m\000i\000n\000i\000s\000t\000r\000a\000d\000o\000r\000\040\000d\000e\000\040\000S\000e\000g\000u\000r\000i\000d\000a\000d}{subsection.2.2}% 5
\BOOKMARK [4][-]{paragraph.2.2.1.1}{\376\377\000A\000d\000m\000i\000n\000i\000s\000t\000r\000a\000c\000i\000\363\000n}{subsubsection.2.2.1}% 6
\BOOKMARK [5][-]{subparagraph.2.2.1.1.1}{\376\377\000P\000o\000l\000\355\000t\000i\000c\000a\000s\000\040\000d\000e\000\040\000c\000e\000r\000t\000i\000f\000i\000c\000a\000c\000i\000\363\000n}{paragraph.2.2.1.1}% 7
\BOOKMARK [5][-]{subparagraph.2.2.1.1.2}{\376\377\000M\000o\000d\000i\000f\000i\000c\000a\000r\000\040\000m\000o\000t\000i\000v\000o\000s\000\040\000d\000e\000\040\000r\000e\000v\000o\000c\000a\000c\000i\000\363\000n}{paragraph.2.2.1.1}% 8
\BOOKMARK [5][-]{subparagraph.2.2.1.1.3}{\376\377\000C\000o\000n\000f\000i\000g\000u\000r\000a\000c\000i\000\363\000n\000\040\000d\000e\000\040\000p\000r\000o\000v\000e\000e\000d\000o\000r\000e\000s\000\040\000c\000r\000i\000p\000t\000o\000g\000r\000\341\000f\000i\000c\000o\000s}{paragraph.2.2.1.1}% 9
\BOOKMARK [5][-]{subparagraph.2.2.1.1.4}{\376\377\000C\000o\000n\000f\000i\000g\000u\000r\000a\000c\000i\000\363\000n\000\040\000d\000e\000\040\000p\000e\000r\000\355\000o\000d\000o\000s\000\040\000d\000e\000\040\000e\000x\000p\000i\000r\000a\000c\000i\000\363\000n}{paragraph.2.2.1.1}% 10
\BOOKMARK [5][-]{subparagraph.2.2.1.1.5}{\376\377\000S\000i\000n\000c\000r\000o\000n\000i\000z\000a\000r\000\040\000p\000o\000l\000\355\000t\000i\000c\000a\000s}{paragraph.2.2.1.1}% 11
\BOOKMARK [5][-]{subparagraph.2.2.1.1.6}{\376\377\000C\000e\000r\000t\000i\000f\000i\000c\000a\000d\000o\000\040\000R\000A}{paragraph.2.2.1.1}% 12
\BOOKMARK [5][-]{subparagraph.2.2.1.1.7}{\376\377\000C\000o\000n\000f\000i\000g\000u\000r\000a\000c\000i\000\363\000n\000\040\000d\000e\000\040\000l\000a\000s\000\040\000n\000o\000t\000i\000f\000i\000c\000a\000c\000i\000o\000n\000e\000s}{paragraph.2.2.1.1}% 13
\BOOKMARK [5][-]{subparagraph.2.2.1.1.8}{\376\377\000N\000o\000t\000i\000f\000i\000c\000a\000c\000i\000\363\000n\000\040\000d\000e\000\040\000e\000x\000p\000i\000r\000a\000c\000i\000\363\000n\000\040\000d\000e\000\040\000c\000e\000r\000t\000i\000f\000i\000c\000a\000d\000o\000s}{paragraph.2.2.1.1}% 14
\BOOKMARK [5][-]{subparagraph.2.2.1.1.9}{\376\377\000A\000c\000c\000e\000s\000o\000\040\000S\000.\000O\000.}{paragraph.2.2.1.1}% 15
\BOOKMARK [5][-]{subparagraph.2.2.1.1.10}{\376\377\000C\000o\000p\000i\000a\000\040\000d\000e\000\040\000s\000e\000g\000u\000r\000i\000d\000a\000d\000\040\000d\000e\000\040\000c\000l\000a\000v\000e\000s}{paragraph.2.2.1.1}% 16
\BOOKMARK [5][-]{subparagraph.2.2.1.1.11}{\376\377\000R\000e\000s\000t\000a\000u\000r\000a\000c\000i\000\363\000n}{paragraph.2.2.1.1}% 17
\BOOKMARK [4][-]{paragraph.2.2.1.2}{\376\377\000C\000o\000n\000s\000u\000l\000t\000a\000s}{subsubsection.2.2.1}% 18
\BOOKMARK [5][-]{subparagraph.2.2.1.2.1}{\376\377\000C\000e\000r\000t\000i\000f\000i\000c\000a\000d\000o\000s\000\040\000i\000n\000t\000e\000r\000n\000o\000s}{paragraph.2.2.1.2}% 19
\BOOKMARK [5][-]{subparagraph.2.2.1.2.2}{\376\377\000A\000u\000t\000o\000r\000i\000d\000a\000d\000e\000s}{paragraph.2.2.1.2}% 20
\BOOKMARK [4][-]{paragraph.2.2.1.3}{\376\377\000G\000e\000s\000t\000i\000\363\000n\000\040\000d\000e\000\040\000a\000c\000c\000e\000s\000o}{subsubsection.2.2.1}% 21
\BOOKMARK [5][-]{subparagraph.2.2.1.3.1}{\376\377\000R\000o\000l\000e\000s}{paragraph.2.2.1.3}% 22
\BOOKMARK [5][-]{subparagraph.2.2.1.3.2}{\376\377\000C\000e\000r\000t\000i\000f\000i\000c\000a\000d\000o\000s\000\040\000d\000e\000\040\000m\000i\000n\000i\000C\000A}{paragraph.2.2.1.3}% 23
\BOOKMARK [5][-]{subparagraph.2.2.1.3.3}{\376\377\000C\000e\000r\000t\000i\000f\000i\000c\000a\000d\000o\000\040\000d\000e\000\040\000S\000e\000r\000v\000i\000d\000o\000r\000\040\000W\000e\000b}{paragraph.2.2.1.3}% 24
\BOOKMARK [5][-]{subparagraph.2.2.1.3.4}{\376\377\000O\000p\000e\000r\000a\000d\000o\000r\000e\000s}{paragraph.2.2.1.3}% 25
\BOOKMARK [5][-]{subparagraph.2.2.1.3.5}{\376\377\000U\000s\000u\000a\000r\000i\000o\000s}{paragraph.2.2.1.3}% 26
\BOOKMARK [5][-]{subparagraph.2.2.1.3.6}{\376\377\000R\000o\000l\000e\000s\000\040\000d\000i\000n\000\341\000m\000i\000c\000o\000s}{paragraph.2.2.1.3}% 27
\BOOKMARK [3][-]{subsubsection.2.2.2}{\376\377\000A\000d\000m\000i\000n\000i\000s\000t\000r\000a\000c\000i\000\363\000n\000\040\000w\000e\000b\000\040\000p\000a\000r\000a\000\040\000e\000l\000\040\000r\000o\000l\000\040\000A\000d\000m\000i\000n\000i\000s\000t\000r\000a\000d\000o\000r\000\040\000d\000e\000\040\000S\000i\000s\000t\000e\000m\000a\000s}{subsection.2.2}% 28
\BOOKMARK [4][-]{paragraph.2.2.2.1}{\376\377\000C\000o\000n\000f\000i\000g\000u\000r\000a\000c\000i\000\363\000n}{subsubsection.2.2.2}% 29
\BOOKMARK [5][-]{subparagraph.2.2.2.1.1}{\376\377\000C\000o\000n\000f\000i\000g\000u\000r\000a\000c\000i\000\363\000n\000\040\000d\000e\000\040\000r\000e\000d}{paragraph.2.2.2.1}% 30
\BOOKMARK [5][-]{subparagraph.2.2.2.1.2}{\376\377\000A\000c\000t\000u\000a\000l\000i\000z\000a\000c\000i\000\363\000n\000\040\000d\000e\000\040\000S\000o\000f\000t\000w\000a\000r\000e}{paragraph.2.2.2.1}% 31
\BOOKMARK [5][-]{subparagraph.2.2.2.1.3}{\376\377\000A\000r\000c\000h\000i\000v\000a\000r\000\040\000d\000a\000t\000o\000s}{paragraph.2.2.2.1}% 32
\BOOKMARK [5][-]{subparagraph.2.2.2.1.4}{\376\377\000M\000a\000n\000t\000e\000n\000i\000m\000i\000e\000n\000t\000o\000\040\000b\000a\000s\000e\000\040\000d\000e\000\040\000d\000a\000t\000o\000s}{paragraph.2.2.2.1}% 33
\BOOKMARK [5][-]{subparagraph.2.2.2.1.5}{\376\377\000C\000o\000n\000f\000i\000g\000u\000r\000a\000c\000i\000\363\000n\000\040\000d\000e\000\040\000C\000A}{paragraph.2.2.2.1}% 34
\BOOKMARK [3][-]{subsubsection.2.2.3}{\376\377\000A\000d\000m\000i\000n\000i\000s\000t\000r\000a\000c\000i\000\363\000n\000\040\000w\000e\000b\000\040\000p\000a\000r\000a\000\040\000e\000l\000\040\000r\000o\000l\000\040\000O\000p\000e\000r\000a\000d\000o\000r\000\040\000d\000e\000\040\000C\000e\000r\000t\000i\000f\000i\000c\000a\000d\000o}{subsection.2.2}% 35
\BOOKMARK [4][-]{paragraph.2.2.3.1}{\376\377\000O\000p\000e\000r\000a\000c\000i\000o\000n\000e\000s}{subsubsection.2.2.3}% 36
\BOOKMARK [5][-]{subparagraph.2.2.3.1.1}{\376\377\000C\000e\000r\000t\000i\000f\000i\000c\000a\000d\000o\000s\000\040\000-\000\040\000R\000e\000v\000o\000c\000a\000c\000i\000\363\000n}{paragraph.2.2.3.1}% 37
\BOOKMARK [5][-]{subparagraph.2.2.3.1.2}{\376\377\000C\000e\000r\000t\000i\000f\000i\000c\000a\000d\000o\000s\000\040\000-\000\040\000S\000u\000s\000p\000e\000n\000s\000i\000\363\000n}{paragraph.2.2.3.1}% 38
\BOOKMARK [5][-]{subparagraph.2.2.3.1.3}{\376\377\000C\000e\000r\000t\000i\000f\000i\000c\000a\000d\000o\000s\000\040\000-\000\040\000R\000e\000h\000a\000b\000i\000l\000i\000t\000a\000c\000i\000\363\000n}{paragraph.2.2.3.1}% 39
\BOOKMARK [5][-]{subparagraph.2.2.3.1.4}{\376\377\000C\000e\000r\000t\000i\000f\000i\000c\000a\000d\000o\000s\000\040\000-\000\040\000E\000m\000i\000s\000i\000\363\000n}{paragraph.2.2.3.1}% 40
\BOOKMARK [4][-]{paragraph.2.2.3.2}{\376\377\000C\000o\000n\000s\000u\000l\000t\000a\000s\000\040\000-\000\040\000C\000e\000r\000t\000i\000f\000i\000c\000a\000d\000o\000s}{subsubsection.2.2.3}% 41
\BOOKMARK [4][-]{paragraph.2.2.3.3}{\376\377\000C\000o\000n\000s\000u\000l\000t\000a\000s\000\040\000-\000\040\000P\000e\000t\000i\000c\000i\000o\000n\000e\000s\000\040\000d\000e\000\040\000c\000e\000r\000t\000i\000f\000i\000c\000a\000d\000o\000s}{subsubsection.2.2.3}% 42
\BOOKMARK [3][-]{subsubsection.2.2.4}{\376\377\000A\000d\000m\000i\000n\000i\000s\000t\000r\000a\000c\000i\000\363\000n\000\040\000w\000e\000b\000\040\000p\000a\000r\000a\000\040\000e\000l\000\040\000r\000o\000l\000\040\000A\000u\000d\000i\000t\000o\000r}{subsection.2.2}% 43
\BOOKMARK [4][-]{paragraph.2.2.4.1}{\376\377\000C\000o\000n\000s\000u\000l\000t\000a\000s}{subsubsection.2.2.4}% 44
\BOOKMARK [5][-]{subparagraph.2.2.4.1.1}{\376\377\000C\000e\000r\000t\000i\000f\000i\000c\000a\000d\000o\000s}{paragraph.2.2.4.1}% 45
\BOOKMARK [5][-]{subparagraph.2.2.4.1.2}{\376\377\000C\000R\000L\000`\000S}{paragraph.2.2.4.1}% 46
\BOOKMARK [5][-]{subparagraph.2.2.4.1.3}{\376\377\000P\000o\000l\000\355\000t\000i\000c\000a\000s\000\040\000d\000e\000\040\000c\000e\000r\000t\000i\000f\000i\000c\000a\000c\000i\000\363\000n}{paragraph.2.2.4.1}% 47
\BOOKMARK [5][-]{subparagraph.2.2.4.1.4}{\376\377\000L\000o\000g\000s}{paragraph.2.2.4.1}% 48
\BOOKMARK [5][-]{subparagraph.2.2.4.1.5}{\376\377\000C\000e\000r\000t\000i\000f\000i\000c\000a\000d\000o\000s\000\040\000i\000n\000t\000e\000r\000n\000o\000s}{paragraph.2.2.4.1}% 49
\BOOKMARK [5][-]{subparagraph.2.2.4.1.6}{\376\377\000A\000u\000t\000o\000r\000i\000d\000a\000d\000e\000s}{paragraph.2.2.4.1}% 50
\BOOKMARK [3][-]{subsubsection.2.2.5}{\376\377\000A\000d\000m\000i\000n\000i\000s\000t\000r\000a\000c\000i\000\363\000n\000\040\000w\000e\000b\000\040\000p\000a\000r\000a\000\040\000e\000l\000\040\000r\000o\000l\000\040\000O\000p\000e\000r\000a\000d\000o\000r\000\040\000d\000e\000\040\000S\000i\000s\000t\000e\000m\000a\000s}{subsection.2.2}% 51
\BOOKMARK [4][-]{paragraph.2.2.5.1}{\376\377\000O\000p\000e\000r\000a\000c\000i\000o\000n\000e\000s}{subsubsection.2.2.5}% 52
\BOOKMARK [5][-]{subparagraph.2.2.5.1.1}{\376\377\000M\000o\000n\000i\000t\000o\000r\000i\000z\000a\000c\000i\000\363\000n}{paragraph.2.2.5.1}% 53
\BOOKMARK [5][-]{subparagraph.2.2.5.1.2}{\376\377\000A\000d\000m\000i\000n\000i\000s\000t\000r\000a\000c\000i\000\363\000n\000\040\000d\000e\000\040\000s\000e\000r\000v\000i\000c\000i\000o\000s}{paragraph.2.2.5.1}% 54
\BOOKMARK [5][-]{subparagraph.2.2.5.1.3}{\376\377\000C\000o\000p\000i\000a\000\040\000d\000e\000\040\000s\000e\000g\000u\000r\000i\000d\000a\000d\000\040\000d\000e\000\040\000d\000a\000t\000o\000s}{paragraph.2.2.5.1}% 55
\BOOKMARK [4][-]{paragraph.2.2.5.2}{\376\377\000C\000o\000n\000s\000u\000l\000t\000a\000s}{subsubsection.2.2.5}% 56
\BOOKMARK [5][-]{subparagraph.2.2.5.2.1}{\376\377\000C\000R\000L\000`\000s}{paragraph.2.2.5.2}% 57
\BOOKMARK [5][-]{subparagraph.2.2.5.2.2}{\376\377\000L\000o\000g\000s}{paragraph.2.2.5.2}% 58
\BOOKMARK [3][-]{subsubsection.2.2.6}{\376\377\000I\000n\000t\000e\000r\000f\000a\000z\000\040\000d\000e\000\040\000u\000s\000u\000a\000r\000i\000o}{subsection.2.2}% 59
\BOOKMARK [4][-]{paragraph.2.2.6.1}{\376\377\000S\000i\000\040\000l\000a\000\040\000i\000n\000t\000e\000r\000f\000a\000z\000\040\000d\000e\000\040\000u\000s\000u\000a\000r\000i\000o\000\040\000e\000s\000t\000\341\000\040\000d\000e\000s\000a\000c\000t\000i\000v\000a\000d\000a}{subsubsection.2.2.6}% 60
\BOOKMARK [4][-]{paragraph.2.2.6.2}{\376\377\000S\000i\000\040\000l\000a\000\040\000i\000n\000t\000e\000r\000f\000a\000z\000\040\000d\000e\000\040\000u\000s\000u\000a\000r\000i\000o\000\040\000e\000s\000t\000\341\000\040\000a\000c\000t\000i\000v\000a\000d\000a}{subsubsection.2.2.6}% 61
\BOOKMARK [1][-]{section.3}{\376\377\000P\000r\000e\000g\000u\000n\000t\000a\000s\000\040\000f\000r\000e\000c\000u\000e\000n\000t\000e\000s}{}% 62
