This is pdfTeX, Version 3.141592653-2.6-1.40.22 (MiKTeX 21.2) (preloaded format=pdflatex 2021.3.10)  24 MAY 2022 09:20
entering extended mode
**./ws.tex
(ws.tex
LaTeX2e <2020-10-01> patch level 4
L3 programming layer <2021-02-18> xparse <2020-03-03> (pki.tex
(C:\Users\carlo\AppData\Local\Programs\MiKTeX\tex/latex/base\article.cls
Document Class: article 2020/04/10 v1.4m Standard LaTeX document class
(C:\Users\carlo\AppData\Local\Programs\MiKTeX\tex/latex/base\size12.clo
File: size12.clo 2020/04/10 v1.4m Standard LaTeX file (size option)
)
\c@part=\count179
\c@section=\count180
\c@subsection=\count181
\c@subsubsection=\count182
\c@paragraph=\count183
\c@subparagraph=\count184
\c@figure=\count185
\c@table=\count186
\abovecaptionskip=\skip47
\belowcaptionskip=\skip48
\bibindent=\dimen138
)
(C:\Users\carlo\AppData\Local\Programs\MiKTeX\tex/latex/courier-scaled\couriers
.sty
Package: couriers 2004/07/10 Scaled Courier (HS) 

(C:\Users\carlo\AppData\Local\Programs\MiKTeX\tex/latex/graphics\keyval.sty
Package: keyval 2014/10/28 v1.15 key=value parser (DPC)
\KV@toks@=\toks15
))
(C:\Users\carlo\AppData\Local\Programs\MiKTeX\tex/generic/babel\babel.sty
Package: babel 2021/01/26 3.53 The Babel package

(C:\Users\carlo\AppData\Local\Programs\MiKTeX\tex/generic/babel\babel.def
File: babel.def 2021/01/26 3.53 Babel common definitions
\babel@savecnt=\count187
\U@D=\dimen139
\l@babelnohyphens=\language79

(C:\Users\carlo\AppData\Local\Programs\MiKTeX\tex/generic/babel\txtbabel.def)
\bbl@readstream=\read2
)
\bbl@dirlevel=\count188

*************************************
* Local config file bblopts.cfg used
*
(C:\Users\carlo\AppData\Local\Programs\MiKTeX\tex/latex/arabi\bblopts.cfg
File: bblopts.cfg 2005/09/08 v0.1 add Arabic and Farsi to "declared" options of
 babel
)
(C:\Users\carlo\AppData\Local\Programs\MiKTeX\tex/latex/babel-spanish\spanish.l
df
Language: spanish.ldf 2016/03/03 v5.0p Spanish support from the babel system
\es@quottoks=\toks16
\es@quotdepth=\count189
Package babel Info: Making " an active character on input line 561.
Package babel Info: Making . an active character on input line 662.
Package babel Info: Making < an active character on input line 707.
Package babel Info: Making > an active character on input line 707.
)) (C:\Users\carlo\AppData\Local\Programs\MiKTeX\tex/latex/base\fontenc.sty
Package: fontenc 2020/08/10 v2.0s Standard LaTeX package
)
(C:\Users\carlo\AppData\Local\Programs\MiKTeX\tex/latex/base\inputenc.sty
Package: inputenc 2020/08/01 v1.3d Input encoding file
\inpenc@prehook=\toks17
\inpenc@posthook=\toks18
)
(C:\Users\carlo\AppData\Local\Programs\MiKTeX\tex/latex/lipsum\lipsum.sty
(C:\Users\carlo\AppData\Local\Programs\MiKTeX\tex/latex/l3kernel\expl3.sty
Package: expl3 2021-02-18 L3 programming layer (loader) 

(C:\Users\carlo\AppData\Local\Programs\MiKTeX\tex/latex/l3backend\l3backend-pdf
tex.def
File: l3backend-pdftex.def 2021-02-18 L3 backend support: PDF output (pdfTeX)
\l__color_backend_stack_int=\count190
\l__pdf_internal_box=\box47
))
(C:\Users\carlo\AppData\Local\Programs\MiKTeX\tex/latex/l3packages/xparse\xpars
e.sty
Package: xparse 2020-10-27 L3 Experimental document command parser

(C:\Users\carlo\AppData\Local\Programs\MiKTeX\tex/latex/l3packages/xparse\xpars
e-generic.tex))
Package: lipsum 2021-03-03 v2.3 150 paragraphs of Lorem Ipsum dummy text

(C:\Users\carlo\AppData\Local\Programs\MiKTeX\tex/latex/lipsum\lipsum.ltd.tex
File: lipsum.ltd.tex 2021-03-03 v2.3 The Lorem ipsum dummy text
)) (C:\Users\carlo\AppData\Local\Programs\MiKTeX\tex/latex/geometry\geometry.st
y
Package: geometry 2020/01/02 v5.9 Page Geometry

(C:\Users\carlo\AppData\Local\Programs\MiKTeX\tex/generic/iftex\ifvtex.sty
Package: ifvtex 2019/10/25 v1.7 ifvtex legacy package. Use iftex instead.

(C:\Users\carlo\AppData\Local\Programs\MiKTeX\tex/generic/iftex\iftex.sty
Package: iftex 2020/03/06 v1.0d TeX engine tests
))
\Gm@cnth=\count191
\Gm@cntv=\count192
\c@Gm@tempcnt=\count193
\Gm@bindingoffset=\dimen140
\Gm@wd@mp=\dimen141
\Gm@odd@mp=\dimen142
\Gm@even@mp=\dimen143
\Gm@layoutwidth=\dimen144
\Gm@layoutheight=\dimen145
\Gm@layouthoffset=\dimen146
\Gm@layoutvoffset=\dimen147
\Gm@dimlist=\toks19

(C:\Users\carlo\AppData\Local\Programs\MiKTeX\tex/latex/geometry\geometry.cfg))
(C:\Users\carlo\AppData\Local\Programs\MiKTeX\tex/latex/fancyhdr\fancyhdr.sty
Package: fancyhdr 2021/01/28 v4.0.1 Extensive control of page headers and foote
rs
\f@nch@headwidth=\skip49
\f@nch@O@elh=\skip50
\f@nch@O@erh=\skip51
\f@nch@O@olh=\skip52
\f@nch@O@orh=\skip53
\f@nch@O@elf=\skip54
\f@nch@O@erf=\skip55
\f@nch@O@olf=\skip56
\f@nch@O@orf=\skip57
)
(C:\Users\carlo\AppData\Local\Programs\MiKTeX\tex/latex/graphics\graphicx.sty
Package: graphicx 2020/09/09 v1.2b Enhanced LaTeX Graphics (DPC,SPQR)

(C:\Users\carlo\AppData\Local\Programs\MiKTeX\tex/latex/graphics\graphics.sty
Package: graphics 2020/08/30 v1.4c Standard LaTeX Graphics (DPC,SPQR)

(C:\Users\carlo\AppData\Local\Programs\MiKTeX\tex/latex/graphics\trig.sty
Package: trig 2016/01/03 v1.10 sin cos tan (DPC)
)
(C:\Users\carlo\AppData\Local\Programs\MiKTeX\tex/latex/graphics-cfg\graphics.c
fg
File: graphics.cfg 2016/06/04 v1.11 sample graphics configuration
)
Package graphics Info: Driver file: pdftex.def on input line 105.

(C:\Users\carlo\AppData\Local\Programs\MiKTeX\tex/latex/graphics-def\pdftex.def
File: pdftex.def 2020/10/05 v1.2a Graphics/color driver for pdftex
))
\Gin@req@height=\dimen148
\Gin@req@width=\dimen149
)
(C:\Users\carlo\AppData\Local\Programs\MiKTeX\tex/latex/marginnote\marginnote.s
ty
Package: marginnote 2018/08/09 v1.4b non floating margin notes for LaTeX
\c@mn@abspage=\count194
) (C:\Users\carlo\AppData\Local\Programs\MiKTeX\tex/latex/eso-pic\eso-pic.sty
Package: eso-pic 2020/10/14 v3.0a eso-pic (RN)
\ESO@tempdima=\dimen150
\ESO@tempdimb=\dimen151
(C:\Users\carlo\AppData\Local\Programs\MiKTeX\tex/latex/xcolor\xcolor.sty
Package: xcolor 2016/05/11 v2.12 LaTeX color extensions (UK)

(C:\Users\carlo\AppData\Local\Programs\MiKTeX\tex/latex/graphics-cfg\color.cfg
File: color.cfg 2016/01/02 v1.6 sample color configuration
)
Package xcolor Info: Driver file: pdftex.def on input line 225.
Package xcolor Info: Model `cmy' substituted by `cmy0' on input line 1348.
Package xcolor Info: Model `hsb' substituted by `rgb' on input line 1352.
Package xcolor Info: Model `RGB' extended on input line 1364.
Package xcolor Info: Model `HTML' substituted by `rgb' on input line 1366.
Package xcolor Info: Model `Hsb' substituted by `hsb' on input line 1367.
Package xcolor Info: Model `tHsb' substituted by `hsb' on input line 1368.
Package xcolor Info: Model `HSB' substituted by `hsb' on input line 1369.
Package xcolor Info: Model `Gray' substituted by `gray' on input line 1370.
Package xcolor Info: Model `wave' substituted by `hsb' on input line 1371.
))
(C:\Users\carlo\AppData\Local\Programs\MiKTeX\tex/latex/booktabs\booktabs.sty
Package: booktabs 2020/01/12 v1.61803398 Publication quality tables
\heavyrulewidth=\dimen152
\lightrulewidth=\dimen153
\cmidrulewidth=\dimen154
\belowrulesep=\dimen155
\belowbottomsep=\dimen156
\aboverulesep=\dimen157
\abovetopsep=\dimen158
\cmidrulesep=\dimen159
\cmidrulekern=\dimen160
\defaultaddspace=\dimen161
\@cmidla=\count195
\@cmidlb=\count196
\@aboverulesep=\dimen162
\@belowrulesep=\dimen163
\@thisruleclass=\count197
\@lastruleclass=\count198
\@thisrulewidth=\dimen164
)
(C:\Users\carlo\AppData\Local\Programs\MiKTeX\tex/latex/float\float.sty
Package: float 2001/11/08 v1.3d Float enhancements (AL)
\c@float@type=\count199
\float@exts=\toks20
\float@box=\box48
\@float@everytoks=\toks21
\@floatcapt=\box49
)
(C:\Users\carlo\AppData\Local\Programs\MiKTeX\tex/latex/pgf/frontendlayer\tikz.
sty
(C:\Users\carlo\AppData\Local\Programs\MiKTeX\tex/latex/pgf/basiclayer\pgf.sty
(C:\Users\carlo\AppData\Local\Programs\MiKTeX\tex/latex/pgf/utilities\pgfrcs.st
y
(C:\Users\carlo\AppData\Local\Programs\MiKTeX\tex/generic/pgf/utilities\pgfutil
-common.tex
\pgfutil@everybye=\toks22
\pgfutil@tempdima=\dimen165
\pgfutil@tempdimb=\dimen166

(C:\Users\carlo\AppData\Local\Programs\MiKTeX\tex/generic/pgf/utilities\pgfutil
-common-lists.tex))
(C:\Users\carlo\AppData\Local\Programs\MiKTeX\tex/generic/pgf/utilities\pgfutil
-latex.def
\pgfutil@abb=\box50
)
(C:\Users\carlo\AppData\Local\Programs\MiKTeX\tex/generic/pgf/utilities\pgfrcs.
code.tex
(C:\Users\carlo\AppData\Local\Programs\MiKTeX\tex/generic/pgf\pgf.revision.tex)
Package: pgfrcs 2020/12/27 v3.1.8b (3.1.8b)
))
Package: pgf 2020/12/27 v3.1.8b (3.1.8b)

(C:\Users\carlo\AppData\Local\Programs\MiKTeX\tex/latex/pgf/basiclayer\pgfcore.
sty
(C:\Users\carlo\AppData\Local\Programs\MiKTeX\tex/latex/pgf/systemlayer\pgfsys.
sty
(C:\Users\carlo\AppData\Local\Programs\MiKTeX\tex/generic/pgf/systemlayer\pgfsy
s.code.tex
Package: pgfsys 2020/12/27 v3.1.8b (3.1.8b)

(C:\Users\carlo\AppData\Local\Programs\MiKTeX\tex/generic/pgf/utilities\pgfkeys
.code.tex
\pgfkeys@pathtoks=\toks23
\pgfkeys@temptoks=\toks24

(C:\Users\carlo\AppData\Local\Programs\MiKTeX\tex/generic/pgf/utilities\pgfkeys
filtered.code.tex
\pgfkeys@tmptoks=\toks25
))
\pgf@x=\dimen167
\pgf@y=\dimen168
\pgf@xa=\dimen169
\pgf@ya=\dimen170
\pgf@xb=\dimen171
\pgf@yb=\dimen172
\pgf@xc=\dimen173
\pgf@yc=\dimen174
\pgf@xd=\dimen175
\pgf@yd=\dimen176
\w@pgf@writea=\write3
\r@pgf@reada=\read3
\c@pgf@counta=\count266
\c@pgf@countb=\count267
\c@pgf@countc=\count268
\c@pgf@countd=\count269
\t@pgf@toka=\toks26
\t@pgf@tokb=\toks27
\t@pgf@tokc=\toks28
\pgf@sys@id@count=\count270

(C:\Users\carlo\AppData\Local\Programs\MiKTeX\tex/generic/pgf/systemlayer\pgf.c
fg
File: pgf.cfg 2020/12/27 v3.1.8b (3.1.8b)
)
Driver file for pgf: pgfsys-pdftex.def

(C:\Users\carlo\AppData\Local\Programs\MiKTeX\tex/generic/pgf/systemlayer\pgfsy
s-pdftex.def
File: pgfsys-pdftex.def 2020/12/27 v3.1.8b (3.1.8b)

(C:\Users\carlo\AppData\Local\Programs\MiKTeX\tex/generic/pgf/systemlayer\pgfsy
s-common-pdf.def
File: pgfsys-common-pdf.def 2020/12/27 v3.1.8b (3.1.8b)
)))
(C:\Users\carlo\AppData\Local\Programs\MiKTeX\tex/generic/pgf/systemlayer\pgfsy
ssoftpath.code.tex
File: pgfsyssoftpath.code.tex 2020/12/27 v3.1.8b (3.1.8b)
\pgfsyssoftpath@smallbuffer@items=\count271
\pgfsyssoftpath@bigbuffer@items=\count272
)
(C:\Users\carlo\AppData\Local\Programs\MiKTeX\tex/generic/pgf/systemlayer\pgfsy
sprotocol.code.tex
File: pgfsysprotocol.code.tex 2020/12/27 v3.1.8b (3.1.8b)
))
(C:\Users\carlo\AppData\Local\Programs\MiKTeX\tex/generic/pgf/basiclayer\pgfcor
e.code.tex
Package: pgfcore 2020/12/27 v3.1.8b (3.1.8b)

(C:\Users\carlo\AppData\Local\Programs\MiKTeX\tex/generic/pgf/math\pgfmath.code
.tex
(C:\Users\carlo\AppData\Local\Programs\MiKTeX\tex/generic/pgf/math\pgfmathcalc.
code.tex
(C:\Users\carlo\AppData\Local\Programs\MiKTeX\tex/generic/pgf/math\pgfmathutil.
code.tex)
(C:\Users\carlo\AppData\Local\Programs\MiKTeX\tex/generic/pgf/math\pgfmathparse
r.code.tex
\pgfmath@dimen=\dimen177
\pgfmath@count=\count273
\pgfmath@box=\box51
\pgfmath@toks=\toks29
\pgfmath@stack@operand=\toks30
\pgfmath@stack@operation=\toks31
)
(C:\Users\carlo\AppData\Local\Programs\MiKTeX\tex/generic/pgf/math\pgfmathfunct
ions.code.tex
(C:\Users\carlo\AppData\Local\Programs\MiKTeX\tex/generic/pgf/math\pgfmathfunct
ions.basic.code.tex)
(C:\Users\carlo\AppData\Local\Programs\MiKTeX\tex/generic/pgf/math\pgfmathfunct
ions.trigonometric.code.tex)
(C:\Users\carlo\AppData\Local\Programs\MiKTeX\tex/generic/pgf/math\pgfmathfunct
ions.random.code.tex)
(C:\Users\carlo\AppData\Local\Programs\MiKTeX\tex/generic/pgf/math\pgfmathfunct
ions.comparison.code.tex)
(C:\Users\carlo\AppData\Local\Programs\MiKTeX\tex/generic/pgf/math\pgfmathfunct
ions.base.code.tex)
(C:\Users\carlo\AppData\Local\Programs\MiKTeX\tex/generic/pgf/math\pgfmathfunct
ions.round.code.tex)
(C:\Users\carlo\AppData\Local\Programs\MiKTeX\tex/generic/pgf/math\pgfmathfunct
ions.misc.code.tex)
(C:\Users\carlo\AppData\Local\Programs\MiKTeX\tex/generic/pgf/math\pgfmathfunct
ions.integerarithmetics.code.tex)))
(C:\Users\carlo\AppData\Local\Programs\MiKTeX\tex/generic/pgf/math\pgfmathfloat
.code.tex
\c@pgfmathroundto@lastzeros=\count274
))
(C:\Users\carlo\AppData\Local\Programs\MiKTeX\tex/generic/pgf/math\pgfint.code.
tex)
(C:\Users\carlo\AppData\Local\Programs\MiKTeX\tex/generic/pgf/basiclayer\pgfcor
epoints.code.tex
File: pgfcorepoints.code.tex 2020/12/27 v3.1.8b (3.1.8b)
\pgf@picminx=\dimen178
\pgf@picmaxx=\dimen179
\pgf@picminy=\dimen180
\pgf@picmaxy=\dimen181
\pgf@pathminx=\dimen182
\pgf@pathmaxx=\dimen183
\pgf@pathminy=\dimen184
\pgf@pathmaxy=\dimen185
\pgf@xx=\dimen186
\pgf@xy=\dimen187
\pgf@yx=\dimen188
\pgf@yy=\dimen189
\pgf@zx=\dimen190
\pgf@zy=\dimen191
)
(C:\Users\carlo\AppData\Local\Programs\MiKTeX\tex/generic/pgf/basiclayer\pgfcor
epathconstruct.code.tex
File: pgfcorepathconstruct.code.tex 2020/12/27 v3.1.8b (3.1.8b)
\pgf@path@lastx=\dimen192
\pgf@path@lasty=\dimen193
)
(C:\Users\carlo\AppData\Local\Programs\MiKTeX\tex/generic/pgf/basiclayer\pgfcor
epathusage.code.tex
File: pgfcorepathusage.code.tex 2020/12/27 v3.1.8b (3.1.8b)
\pgf@shorten@end@additional=\dimen194
\pgf@shorten@start@additional=\dimen195
)
(C:\Users\carlo\AppData\Local\Programs\MiKTeX\tex/generic/pgf/basiclayer\pgfcor
escopes.code.tex
File: pgfcorescopes.code.tex 2020/12/27 v3.1.8b (3.1.8b)
\pgfpic=\box52
\pgf@hbox=\box53
\pgf@layerbox@main=\box54
\pgf@picture@serial@count=\count275
)
(C:\Users\carlo\AppData\Local\Programs\MiKTeX\tex/generic/pgf/basiclayer\pgfcor
egraphicstate.code.tex
File: pgfcoregraphicstate.code.tex 2020/12/27 v3.1.8b (3.1.8b)
\pgflinewidth=\dimen196
)
(C:\Users\carlo\AppData\Local\Programs\MiKTeX\tex/generic/pgf/basiclayer\pgfcor
etransformations.code.tex
File: pgfcoretransformations.code.tex 2020/12/27 v3.1.8b (3.1.8b)
\pgf@pt@x=\dimen197
\pgf@pt@y=\dimen198
\pgf@pt@temp=\dimen199
)
(C:\Users\carlo\AppData\Local\Programs\MiKTeX\tex/generic/pgf/basiclayer\pgfcor
equick.code.tex
File: pgfcorequick.code.tex 2020/12/27 v3.1.8b (3.1.8b)
)
(C:\Users\carlo\AppData\Local\Programs\MiKTeX\tex/generic/pgf/basiclayer\pgfcor
eobjects.code.tex
File: pgfcoreobjects.code.tex 2020/12/27 v3.1.8b (3.1.8b)
)
(C:\Users\carlo\AppData\Local\Programs\MiKTeX\tex/generic/pgf/basiclayer\pgfcor
epathprocessing.code.tex
File: pgfcorepathprocessing.code.tex 2020/12/27 v3.1.8b (3.1.8b)
)
(C:\Users\carlo\AppData\Local\Programs\MiKTeX\tex/generic/pgf/basiclayer\pgfcor
earrows.code.tex
File: pgfcorearrows.code.tex 2020/12/27 v3.1.8b (3.1.8b)
\pgfarrowsep=\dimen256
)
(C:\Users\carlo\AppData\Local\Programs\MiKTeX\tex/generic/pgf/basiclayer\pgfcor
eshade.code.tex
File: pgfcoreshade.code.tex 2020/12/27 v3.1.8b (3.1.8b)
\pgf@max=\dimen257
\pgf@sys@shading@range@num=\count276
\pgf@shadingcount=\count277
)
(C:\Users\carlo\AppData\Local\Programs\MiKTeX\tex/generic/pgf/basiclayer\pgfcor
eimage.code.tex
File: pgfcoreimage.code.tex 2020/12/27 v3.1.8b (3.1.8b)

(C:\Users\carlo\AppData\Local\Programs\MiKTeX\tex/generic/pgf/basiclayer\pgfcor
eexternal.code.tex
File: pgfcoreexternal.code.tex 2020/12/27 v3.1.8b (3.1.8b)
\pgfexternal@startupbox=\box55
))
(C:\Users\carlo\AppData\Local\Programs\MiKTeX\tex/generic/pgf/basiclayer\pgfcor
elayers.code.tex
File: pgfcorelayers.code.tex 2020/12/27 v3.1.8b (3.1.8b)
)
(C:\Users\carlo\AppData\Local\Programs\MiKTeX\tex/generic/pgf/basiclayer\pgfcor
etransparency.code.tex
File: pgfcoretransparency.code.tex 2020/12/27 v3.1.8b (3.1.8b)
)
(C:\Users\carlo\AppData\Local\Programs\MiKTeX\tex/generic/pgf/basiclayer\pgfcor
epatterns.code.tex
File: pgfcorepatterns.code.tex 2020/12/27 v3.1.8b (3.1.8b)
)
(C:\Users\carlo\AppData\Local\Programs\MiKTeX\tex/generic/pgf/basiclayer\pgfcor
erdf.code.tex
File: pgfcorerdf.code.tex 2020/12/27 v3.1.8b (3.1.8b)
)))
(C:\Users\carlo\AppData\Local\Programs\MiKTeX\tex/generic/pgf/modules\pgfmodule
shapes.code.tex
File: pgfmoduleshapes.code.tex 2020/12/27 v3.1.8b (3.1.8b)
\pgfnodeparttextbox=\box56
)
(C:\Users\carlo\AppData\Local\Programs\MiKTeX\tex/generic/pgf/modules\pgfmodule
plot.code.tex
File: pgfmoduleplot.code.tex 2020/12/27 v3.1.8b (3.1.8b)
)
(C:\Users\carlo\AppData\Local\Programs\MiKTeX\tex/latex/pgf/compatibility\pgfco
mp-version-0-65.sty
Package: pgfcomp-version-0-65 2020/12/27 v3.1.8b (3.1.8b)
\pgf@nodesepstart=\dimen258
\pgf@nodesepend=\dimen259
)
(C:\Users\carlo\AppData\Local\Programs\MiKTeX\tex/latex/pgf/compatibility\pgfco
mp-version-1-18.sty
Package: pgfcomp-version-1-18 2020/12/27 v3.1.8b (3.1.8b)
))
(C:\Users\carlo\AppData\Local\Programs\MiKTeX\tex/latex/pgf/utilities\pgffor.st
y
(C:\Users\carlo\AppData\Local\Programs\MiKTeX\tex/latex/pgf/utilities\pgfkeys.s
ty
(C:\Users\carlo\AppData\Local\Programs\MiKTeX\tex/generic/pgf/utilities\pgfkeys
.code.tex))
(C:\Users\carlo\AppData\Local\Programs\MiKTeX\tex/latex/pgf/math\pgfmath.sty
(C:\Users\carlo\AppData\Local\Programs\MiKTeX\tex/generic/pgf/math\pgfmath.code
.tex))
(C:\Users\carlo\AppData\Local\Programs\MiKTeX\tex/generic/pgf/utilities\pgffor.
code.tex
Package: pgffor 2020/12/27 v3.1.8b (3.1.8b)

(C:\Users\carlo\AppData\Local\Programs\MiKTeX\tex/generic/pgf/math\pgfmath.code
.tex)
\pgffor@iter=\dimen260
\pgffor@skip=\dimen261
\pgffor@stack=\toks32
\pgffor@toks=\toks33
))
(C:\Users\carlo\AppData\Local\Programs\MiKTeX\tex/generic/pgf/frontendlayer/tik
z\tikz.code.tex
Package: tikz 2020/12/27 v3.1.8b (3.1.8b)

(C:\Users\carlo\AppData\Local\Programs\MiKTeX\tex/generic/pgf/libraries\pgflibr
aryplothandlers.code.tex
File: pgflibraryplothandlers.code.tex 2020/12/27 v3.1.8b (3.1.8b)
\pgf@plot@mark@count=\count278
\pgfplotmarksize=\dimen262
)
\tikz@lastx=\dimen263
\tikz@lasty=\dimen264
\tikz@lastxsaved=\dimen265
\tikz@lastysaved=\dimen266
\tikz@lastmovetox=\dimen267
\tikz@lastmovetoy=\dimen268
\tikzleveldistance=\dimen269
\tikzsiblingdistance=\dimen270
\tikz@figbox=\box57
\tikz@figbox@bg=\box58
\tikz@tempbox=\box59
\tikz@tempbox@bg=\box60
\tikztreelevel=\count279
\tikznumberofchildren=\count280
\tikznumberofcurrentchild=\count281
\tikz@fig@count=\count282

(C:\Users\carlo\AppData\Local\Programs\MiKTeX\tex/generic/pgf/modules\pgfmodule
matrix.code.tex
File: pgfmodulematrix.code.tex 2020/12/27 v3.1.8b (3.1.8b)
\pgfmatrixcurrentrow=\count283
\pgfmatrixcurrentcolumn=\count284
\pgf@matrix@numberofcolumns=\count285
)
\tikz@expandcount=\count286

(C:\Users\carlo\AppData\Local\Programs\MiKTeX\tex/generic/pgf/frontendlayer/tik
z/libraries\tikzlibrarytopaths.code.tex
File: tikzlibrarytopaths.code.tex 2020/12/27 v3.1.8b (3.1.8b)
)))
(C:\Users\carlo\AppData\Local\Programs\MiKTeX\tex/latex/hyperref\hyperref.sty
Package: hyperref 2021-02-10 v7.00j Hypertext links for LaTeX

(C:\Users\carlo\AppData\Local\Programs\MiKTeX\tex/generic/ltxcmds\ltxcmds.sty
Package: ltxcmds 2020-05-10 v1.25 LaTeX kernel commands for general use (HO)
)
(C:\Users\carlo\AppData\Local\Programs\MiKTeX\tex/generic/pdftexcmds\pdftexcmds
.sty
Package: pdftexcmds 2020-06-27 v0.33 Utility functions of pdfTeX for LuaTeX (HO
)

(C:\Users\carlo\AppData\Local\Programs\MiKTeX\tex/generic/infwarerr\infwarerr.s
ty
Package: infwarerr 2019/12/03 v1.5 Providing info/warning/error messages (HO)
)
Package pdftexcmds Info: \pdf@primitive is available.
Package pdftexcmds Info: \pdf@ifprimitive is available.
Package pdftexcmds Info: \pdfdraftmode found.
)
(C:\Users\carlo\AppData\Local\Programs\MiKTeX\tex/generic/kvsetkeys\kvsetkeys.s
ty
Package: kvsetkeys 2019/12/15 v1.18 Key value parser (HO)
)
(C:\Users\carlo\AppData\Local\Programs\MiKTeX\tex/generic/kvdefinekeys\kvdefine
keys.sty
Package: kvdefinekeys 2019-12-19 v1.6 Define keys (HO)
)
(C:\Users\carlo\AppData\Local\Programs\MiKTeX\tex/generic/pdfescape\pdfescape.s
ty
Package: pdfescape 2019/12/09 v1.15 Implements pdfTeX's escape features (HO)
) (C:\Users\carlo\AppData\Local\Programs\MiKTeX\tex/latex/hycolor\hycolor.sty
Package: hycolor 2020-01-27 v1.10 Color options for hyperref/bookmark (HO)
)
(C:\Users\carlo\AppData\Local\Programs\MiKTeX\tex/latex/letltxmacro\letltxmacro
.sty
Package: letltxmacro 2019/12/03 v1.6 Let assignment for LaTeX macros (HO)
)
(C:\Users\carlo\AppData\Local\Programs\MiKTeX\tex/latex/auxhook\auxhook.sty
Package: auxhook 2019-12-17 v1.6 Hooks for auxiliary files (HO)
)
(C:\Users\carlo\AppData\Local\Programs\MiKTeX\tex/latex/kvoptions\kvoptions.sty
Package: kvoptions 2020-10-07 v3.14 Key value format for package options (HO)
)
\@linkdim=\dimen271
\Hy@linkcounter=\count287
\Hy@pagecounter=\count288
 (C:\Users\carlo\AppData\Local\Programs\MiKTeX\tex/latex/hyperref\pd1enc.def
File: pd1enc.def 2021-02-10 v7.00j Hyperref: PDFDocEncoding definition (HO)
Now handling font encoding PD1 ...
... no UTF-8 mapping file for font encoding PD1
)
(C:\Users\carlo\AppData\Local\Programs\MiKTeX\tex/latex/hyperref\hyperref-langp
atches.def
File: hyperref-langpatches.def 2021-02-10 v7.00j Hyperref: patches for babel la
nguages
)
(C:\Users\carlo\AppData\Local\Programs\MiKTeX\tex/generic/intcalc\intcalc.sty
Package: intcalc 2019/12/15 v1.3 Expandable calculations with integers (HO)
)
(C:\Users\carlo\AppData\Local\Programs\MiKTeX\tex/generic/etexcmds\etexcmds.sty
Package: etexcmds 2019/12/15 v1.7 Avoid name clashes with e-TeX commands (HO)
)
\Hy@SavedSpaceFactor=\count289
 (C:\Users\carlo\AppData\Local\Programs\MiKTeX\tex/latex/hyperref\puenc.def
File: puenc.def 2021-02-10 v7.00j Hyperref: PDF Unicode definition (HO)
Now handling font encoding PU ...
... no UTF-8 mapping file for font encoding PU
)
Package hyperref Info: Option `breaklinks' set `true' on input line 4073.
Package hyperref Info: Hyper figures OFF on input line 4192.
Package hyperref Info: Link nesting OFF on input line 4197.
Package hyperref Info: Hyper index ON on input line 4200.
Package hyperref Info: Plain pages OFF on input line 4207.
Package hyperref Info: Backreferencing OFF on input line 4212.
Package hyperref Info: Implicit mode ON; LaTeX internals redefined.
Package hyperref Info: Bookmarks ON on input line 4445.
\c@Hy@tempcnt=\count290

(C:\Users\carlo\AppData\Local\Programs\MiKTeX\tex/latex/url\url.sty
\Urlmuskip=\muskip16
Package: url 2013/09/16  ver 3.4  Verb mode for urls, etc.
)
LaTeX Info: Redefining \url on input line 4804.
\XeTeXLinkMargin=\dimen272

(C:\Users\carlo\AppData\Local\Programs\MiKTeX\tex/generic/bitset\bitset.sty
Package: bitset 2019/12/09 v1.3 Handle bit-vector datatype (HO)

(C:\Users\carlo\AppData\Local\Programs\MiKTeX\tex/generic/bigintcalc\bigintcalc
.sty
Package: bigintcalc 2019/12/15 v1.5 Expandable calculations on big integers (HO
)
))
\Fld@menulength=\count291
\Field@Width=\dimen273
\Fld@charsize=\dimen274
Package hyperref Info: Hyper figures OFF on input line 6075.
Package hyperref Info: Link nesting OFF on input line 6080.
Package hyperref Info: Hyper index ON on input line 6083.
Package hyperref Info: backreferencing OFF on input line 6090.
Package hyperref Info: Link coloring OFF on input line 6095.
Package hyperref Info: Link coloring with OCG OFF on input line 6100.
Package hyperref Info: PDF/A mode OFF on input line 6105.
LaTeX Info: Redefining \ref on input line 6145.
LaTeX Info: Redefining \pageref on input line 6149.

(C:\Users\carlo\AppData\Local\Programs\MiKTeX\tex/latex/base\atbegshi-ltx.sty
Package: atbegshi-ltx 2020/08/17 v1.0a Emulation of the original atbegshi packa
ge
with kernel methods
)
\Hy@abspage=\count292
\c@Item=\count293
\c@Hfootnote=\count294
)
Package hyperref Info: Driver (autodetected): hpdftex.
(C:\Users\carlo\AppData\Local\Programs\MiKTeX\tex/latex/hyperref\hpdftex.def
File: hpdftex.def 2021-02-10 v7.00j Hyperref driver for pdfTeX

(C:\Users\carlo\AppData\Local\Programs\MiKTeX\tex/latex/base\atveryend-ltx.sty
Package: atveryend-ltx 2020/08/19 v1.0a Emulation of the original atvery packag
e
with kernel methods
)
\Fld@listcount=\count295
\c@bookmark@seq@number=\count296

(C:\Users\carlo\AppData\Local\Programs\MiKTeX\tex/latex/rerunfilecheck\rerunfil
echeck.sty
Package: rerunfilecheck 2019/12/05 v1.9 Rerun checks for auxiliary files (HO)

(C:\Users\carlo\AppData\Local\Programs\MiKTeX\tex/generic/uniquecounter\uniquec
ounter.sty
Package: uniquecounter 2019/12/15 v1.4 Provide unlimited unique counter (HO)
)
Package uniquecounter Info: New unique counter `rerunfilecheck' on input line 2
86.
)
\Hy@SectionHShift=\skip58
)
(C:\Users\carlo\AppData\Local\Programs\MiKTeX\tex/latex/base\ifthen.sty
Package: ifthen 2014/09/29 v1.1c Standard LaTeX ifthen package (DPC)
)
(C:\Users\carlo\AppData\Local\Programs\MiKTeX\tex/latex/caption\caption.sty
Package: caption 2020/10/26 v3.5g Customizing captions (AR)

(C:\Users\carlo\AppData\Local\Programs\MiKTeX\tex/latex/caption\caption3.sty
Package: caption3 2020/10/21 v2.2e caption3 kernel (AR)
\captionmargin=\dimen275
\captionmargin@=\dimen276
\captionwidth=\dimen277
\caption@tempdima=\dimen278
\caption@indent=\dimen279
\caption@parindent=\dimen280
\caption@hangindent=\dimen281
Package caption Info: Standard document class detected.
)
\c@caption@flags=\count297
\c@continuedfloat=\count298
Package caption Info: float package is loaded.
Package caption Info: hyperref package is loaded.
)
(C:\Users\carlo\AppData\Local\Programs\MiKTeX\tex/latex/parskip\parskip.sty
Package: parskip 2021-03-02 v2.0g non-zero parskip adjustments

(C:\Users\carlo\AppData\Local\Programs\MiKTeX\tex/latex/etoolbox\etoolbox.sty
Package: etoolbox 2020/10/05 v2.5k e-TeX tools for LaTeX (JAW)
\etb@tempcnta=\count299
))
(C:\Users\carlo\AppData\Local\Programs\MiKTeX\tex/latex/svn-multi\svn-multi.sty
Package: svn-multi 2011/08/30 v2.4d SVN Keywords for multi-file LaTeX documents

)
(C:\Users\carlo\AppData\Local\Programs\MiKTeX\tex/latex/latex-tools\verbatim.st
y
Package: verbatim 2020-07-07 v1.5u LaTeX2e package for verbatim enhancements
\every@verbatim=\toks34
\verbatim@line=\toks35
\verbatim@in@stream=\read4
)
Package hyperref Info: Option `colorlinks' set `true' on input line 50.
 (ws.aux
LaTeX Info: Redefining \. on input line 25.
LaTeX Info: Redefining \% on input line 25.
)
\openout1 = `ws.aux'.

LaTeX Font Info:    Checking defaults for OML/cmm/m/it on input line 63.
LaTeX Font Info:    ... okay on input line 63.
LaTeX Font Info:    Checking defaults for OMS/cmsy/m/n on input line 63.
LaTeX Font Info:    ... okay on input line 63.
LaTeX Font Info:    Checking defaults for OT1/cmr/m/n on input line 63.
LaTeX Font Info:    ... okay on input line 63.
LaTeX Font Info:    Checking defaults for T1/cmr/m/n on input line 63.
LaTeX Font Info:    ... okay on input line 63.
LaTeX Font Info:    Checking defaults for TS1/cmr/m/n on input line 63.
LaTeX Font Info:    ... okay on input line 63.
LaTeX Font Info:    Checking defaults for OMX/cmex/m/n on input line 63.
LaTeX Font Info:    ... okay on input line 63.
LaTeX Font Info:    Checking defaults for U/cmr/m/n on input line 63.
LaTeX Font Info:    ... okay on input line 63.
LaTeX Font Info:    Checking defaults for PD1/pdf/m/n on input line 63.
LaTeX Font Info:    ... okay on input line 63.
LaTeX Font Info:    Checking defaults for PU/pdf/m/n on input line 63.
LaTeX Font Info:    ... okay on input line 63.
LaTeX Info: Redefining \. on input line 63.
LaTeX Info: Redefining \% on input line 63.

*geometry* driver: auto-detecting
*geometry* detected driver: pdftex
*geometry* verbose mode - [ preamble ] result:
* driver: pdftex
* paper: a4paper
* layout: <same size as paper>
* layoutoffset:(h,v)=(0.0pt,0.0pt)
* modes: includehead includefoot 
* h-part:(L,W,R)=(56.9055pt, 483.69687pt, 56.9055pt)
* v-part:(T,H,B)=(28.45274pt, 788.14136pt, 28.45274pt)
* \paperwidth=597.50787pt
* \paperheight=845.04684pt
* \textwidth=483.69687pt
* \textheight=707.14136pt
* \oddsidemargin=-15.36449pt
* \evensidemargin=-15.36449pt
* \topmargin=-43.81725pt
* \headheight=26.0pt
* \headsep=25.0pt
* \topskip=12.0pt
* \footskip=30.0pt
* \marginparwidth=35.0pt
* \marginparsep=10.0pt
* \columnsep=10.0pt
* \skip\footins=10.8pt plus 4.0pt minus 2.0pt
* \hoffset=0.0pt
* \voffset=0.0pt
* \mag=1000
* \@twocolumnfalse
* \@twosidefalse
* \@mparswitchfalse
* \@reversemarginfalse
* (1in=72.27pt=25.4mm, 1cm=28.453pt)


(C:\Users\carlo\AppData\Local\Programs\MiKTeX\tex/context/base/mkii\supp-pdf.mk
ii
[Loading MPS to PDF converter (version 2006.09.02).]
\scratchcounter=\count300
\scratchdimen=\dimen282
\scratchbox=\box61
\nofMPsegments=\count301
\nofMParguments=\count302
\everyMPshowfont=\toks36
\MPscratchCnt=\count303
\MPscratchDim=\dimen283
\MPnumerator=\count304
\makeMPintoPDFobject=\count305
\everyMPtoPDFconversion=\toks37
)
(C:\Users\carlo\AppData\Local\Programs\MiKTeX\tex/latex/epstopdf-pkg\epstopdf-b
ase.sty
Package: epstopdf-base 2020-01-24 v2.11 Base part for package epstopdf
Package epstopdf-base Info: Redefining graphics rule for `.eps' on input line 4
85.
)
Package hyperref Info: Link coloring ON on input line 63.

(C:\Users\carlo\AppData\Local\Programs\MiKTeX\tex/latex/hyperref\nameref.sty
Package: nameref 2021-04-02 v2.47 Cross-referencing by name of section

(C:\Users\carlo\AppData\Local\Programs\MiKTeX\tex/latex/refcount\refcount.sty
Package: refcount 2019/12/15 v3.6 Data extraction from label references (HO)
)
(C:\Users\carlo\AppData\Local\Programs\MiKTeX\tex/generic/gettitlestring\gettit
lestring.sty
Package: gettitlestring 2019/12/15 v1.6 Cleanup title references (HO)
)
\c@section@level=\count306
)
LaTeX Info: Redefining \ref on input line 63.
LaTeX Info: Redefining \pageref on input line 63.
LaTeX Info: Redefining \nameref on input line 63.
 (ws.out) (ws.out)
\@outlinefile=\write4
\openout4 = `ws.out'.

Package caption Info: Begin \AtBeginDocument code.
Package caption Info: End \AtBeginDocument code.
<./img/logo_portada.png, id=50, 927.465pt x 218.8175pt>
File: ./img/logo_portada.png Graphic file (type png)
<use ./img/logo_portada.png>
Package pdftex.def Info: ./img/logo_portada.png  used on input line 68.
(pdftex.def)             Requested size: 370.97943pt x 87.52544pt.
<./img/cover_background.png, id=52, 422.32782pt x 422.32782pt>
File: ./img/cover_background.png Graphic file (type png)
<use ./img/cover_background.png>
Package pdftex.def Info: ./img/cover_background.png  used on input line 88.
(pdftex.def)             Requested size: 422.32678pt x 422.32678pt.
 [1

{C:/Users/carlo/AppData/Local/MiKTeX/pdftex/config/pdftex.map} <./img/cover_bac
kground.png> <./img/logo_portada.png>]
LaTeX Font Info:    External font `cmex10' loaded for size
(Font)              <12> on input line 97.
LaTeX Font Info:    External font `cmex10' loaded for size
(Font)              <8> on input line 97.
LaTeX Font Info:    External font `cmex10' loaded for size
(Font)              <6> on input line 97.

Overfull \hbox (2.23633pt too wide) in paragraph at lines 97--118
 [][] 
 []

File: ./img/cover_background.png Graphic file (type png)
<use ./img/cover_background.png>
Package pdftex.def Info: ./img/cover_background.png  used on input line 121.
(pdftex.def)             Requested size: 422.32678pt x 422.32678pt.
Package epstopdf Info: Source file: <./img/fondo.eps>
(epstopdf)                    date: 2021-10-08 14:19:13
(epstopdf)                    size: 82483 bytes
(epstopdf)             Output file: <./img/fondo-eps-converted-to.pdf>
(epstopdf)                    date: 2021-10-08 14:19:13
(epstopdf)                    size: 65954 bytes
(epstopdf)             Command: <epstopdf --outfile=./img/fondo-eps-converted-t
o.pdf ./img/fondo.eps>
(epstopdf)             \includegraphics on input line 121.
Package epstopdf Info: Output file is already uptodate.


pdfTeX warning: pdflatex (file ./img/fondo-eps-converted-to.pdf): PDF inclusion
: found PDF version <1.7>, but at most version <1.5> allowed
<./img/fondo-eps-converted-to.pdf, id=64, 557.08125pt x 682.55pt>
File: ./img/fondo-eps-converted-to.pdf Graphic file (type pdf)
<use ./img/fondo-eps-converted-to.pdf>
Package pdftex.def Info: ./img/fondo-eps-converted-to.pdf  used on input line 1
21.
(pdftex.def)             Requested size: 597.52463pt x 845.10349pt.
[2 <./img/fondo-eps-converted-to.pdf>] (ws.toc
LaTeX Info: Redefining \. on input line 1.
LaTeX Info: Redefining \% on input line 1.
)
\tf@toc=\write5
\openout5 = `ws.toc'.

File: ./img/cover_background.png Graphic file (type png)
<use ./img/cover_background.png>
Package pdftex.def Info: ./img/cover_background.png  used on input line 129.
(pdftex.def)             Requested size: 422.32678pt x 422.32678pt.
Package epstopdf Info: Source file: <./img/fondo.eps>
(epstopdf)                    date: 2021-10-08 14:19:13
(epstopdf)                    size: 82483 bytes
(epstopdf)             Output file: <./img/fondo-eps-converted-to.pdf>
(epstopdf)                    date: 2021-10-08 14:19:13
(epstopdf)                    size: 65954 bytes
(epstopdf)             Command: <epstopdf --outfile=./img/fondo-eps-converted-t
o.pdf ./img/fondo.eps>
(epstopdf)             \includegraphics on input line 129.
Package epstopdf Info: Output file is already uptodate.
File: ./img/fondo-eps-converted-to.pdf Graphic file (type pdf)
<use ./img/fondo-eps-converted-to.pdf>
Package pdftex.def Info: ./img/fondo-eps-converted-to.pdf  used on input line 1
29.
(pdftex.def)             Requested size: 597.52463pt x 845.10349pt.
 [3]
<./img/ws_image0.png, id=91, 638.385pt x 17.46526pt>
File: ./img/ws_image0.png Graphic file (type png)
<use ./img/ws_image0.png>
Package pdftex.def Info: ./img/ws_image0.png  used on input line 163.
(pdftex.def)             Requested size: 510.70868pt x 13.97221pt.

Overfull \hbox (27.01181pt too wide) in paragraph at lines 163--163
 [][] 
 []

<./img/ws_image1.png, id=93, 537.80925pt x 418.56375pt>
File: ./img/ws_image1.png Graphic file (type png)
<use ./img/ws_image1.png>
Package pdftex.def Info: ./img/ws_image1.png  used on input line 163.
(pdftex.def)             Requested size: 484.02383pt x 376.70387pt.
Package epstopdf Info: Source file: <./img/logorealsec.eps>
(epstopdf)                    date: 2021-10-08 14:19:13
(epstopdf)                    size: 65347 bytes
(epstopdf)             Output file: <./img/logorealsec-eps-converted-to.pdf>
(epstopdf)                    date: 2021-10-08 14:19:13
(epstopdf)                    size: 8646 bytes
(epstopdf)             Command: <epstopdf --outfile=./img/logorealsec-eps-conve
rted-to.pdf ./img/logorealsec.eps>
(epstopdf)             \includegraphics on input line 163.
Package epstopdf Info: Output file is already uptodate.


pdfTeX warning: pdflatex (file ./img/logorealsec-eps-converted-to.pdf): PDF inc
lusion: found PDF version <1.7>, but at most version <1.5> allowed
<./img/logorealsec-eps-converted-to.pdf, id=94, 388.45125pt x 94.3525pt>
File: ./img/logorealsec-eps-converted-to.pdf Graphic file (type pdf)
<use ./img/logorealsec-eps-converted-to.pdf>
Package pdftex.def Info: ./img/logorealsec-eps-converted-to.pdf  used on input 
line 163.
(pdftex.def)             Requested size: 155.37773pt x 37.74031pt.
Package epstopdf Info: Source file: <./img/encabezado_dcho.eps>
(epstopdf)                    date: 2021-10-08 14:19:13
(epstopdf)                    size: 50987 bytes
(epstopdf)             Output file: <./img/encabezado_dcho-eps-converted-to.pdf
>
(epstopdf)                    date: 2021-11-10 14:06:39
(epstopdf)                    size: 7869 bytes
(epstopdf)             Command: <epstopdf --outfile=./img/encabezado_dcho-eps-c
onverted-to.pdf ./img/encabezado_dcho.eps>
(epstopdf)             \includegraphics on input line 163.
Package epstopdf Info: Output file is already uptodate.


pdfTeX warning: pdflatex (file ./img/encabezado_dcho-eps-converted-to.pdf): PDF
 inclusion: found PDF version <1.7>, but at most version <1.5> allowed
<./img/encabezado_dcho-eps-converted-to.pdf, id=95, 221.82875pt x 96.36pt>
File: ./img/encabezado_dcho-eps-converted-to.pdf Graphic file (type pdf)
<use ./img/encabezado_dcho-eps-converted-to.pdf>
Package pdftex.def Info: ./img/encabezado_dcho-eps-converted-to.pdf  used on in
put line 163.
(pdftex.def)             Requested size: 88.72992pt x 38.5433pt.
Package marginnote Info: Margin note 4.1 is on absolute page 4 on input line 16
3.
Package marginnote Info: right page because not two side mode on input line 163
.
Package marginnote Info: xpos seems to be 56.9055pt on input line 163.
File: ./img/cover_background.png Graphic file (type png)
<use ./img/cover_background.png>
Package pdftex.def Info: ./img/cover_background.png  used on input line 163.
(pdftex.def)             Requested size: 422.32678pt x 422.32678pt.
Package epstopdf Info: Source file: <./img/fondo.eps>
(epstopdf)                    date: 2021-10-08 14:19:13
(epstopdf)                    size: 82483 bytes
(epstopdf)             Output file: <./img/fondo-eps-converted-to.pdf>
(epstopdf)                    date: 2021-10-08 14:19:13
(epstopdf)                    size: 65954 bytes
(epstopdf)             Command: <epstopdf --outfile=./img/fondo-eps-converted-t
o.pdf ./img/fondo.eps>
(epstopdf)             \includegraphics on input line 163.
Package epstopdf Info: Output file is already uptodate.
File: ./img/fondo-eps-converted-to.pdf Graphic file (type pdf)
<use ./img/fondo-eps-converted-to.pdf>
Package pdftex.def Info: ./img/fondo-eps-converted-to.pdf  used on input line 1
63.
(pdftex.def)             Requested size: 597.52463pt x 845.10349pt.
[4 <./img/logorealsec-eps-converted-to.pdf> <./img/encabezado_dcho-eps-converte
d-to.pdf> <./img/ws_image0.png>]
Package epstopdf Info: Source file: <./img/logorealsec.eps>
(epstopdf)                    date: 2021-10-08 14:19:13
(epstopdf)                    size: 65347 bytes
(epstopdf)             Output file: <./img/logorealsec-eps-converted-to.pdf>
(epstopdf)                    date: 2021-10-08 14:19:13
(epstopdf)                    size: 8646 bytes
(epstopdf)             Command: <epstopdf --outfile=./img/logorealsec-eps-conve
rted-to.pdf ./img/logorealsec.eps>
(epstopdf)             \includegraphics on input line 163.
Package epstopdf Info: Output file is already uptodate.
File: ./img/logorealsec-eps-converted-to.pdf Graphic file (type pdf)
<use ./img/logorealsec-eps-converted-to.pdf>
Package pdftex.def Info: ./img/logorealsec-eps-converted-to.pdf  used on input 
line 163.
(pdftex.def)             Requested size: 155.37773pt x 37.74031pt.
Package epstopdf Info: Source file: <./img/encabezado_dcho.eps>
(epstopdf)                    date: 2021-10-08 14:19:13
(epstopdf)                    size: 50987 bytes
(epstopdf)             Output file: <./img/encabezado_dcho-eps-converted-to.pdf
>
(epstopdf)                    date: 2021-11-10 14:06:39
(epstopdf)                    size: 7869 bytes
(epstopdf)             Command: <epstopdf --outfile=./img/encabezado_dcho-eps-c
onverted-to.pdf ./img/encabezado_dcho.eps>
(epstopdf)             \includegraphics on input line 163.
Package epstopdf Info: Output file is already uptodate.
File: ./img/encabezado_dcho-eps-converted-to.pdf Graphic file (type pdf)
<use ./img/encabezado_dcho-eps-converted-to.pdf>
Package pdftex.def Info: ./img/encabezado_dcho-eps-converted-to.pdf  used on in
put line 163.
(pdftex.def)             Requested size: 88.72992pt x 38.5433pt.
Package marginnote Info: Margin note 5.1 is on absolute page 5 on input line 16
3.
Package marginnote Info: right page because not two side mode on input line 163
.
Package marginnote Info: xpos seems to be 56.9055pt on input line 163.
File: ./img/cover_background.png Graphic file (type png)
<use ./img/cover_background.png>
Package pdftex.def Info: ./img/cover_background.png  used on input line 163.
(pdftex.def)             Requested size: 422.32678pt x 422.32678pt.
Package epstopdf Info: Source file: <./img/fondo.eps>
(epstopdf)                    date: 2021-10-08 14:19:13
(epstopdf)                    size: 82483 bytes
(epstopdf)             Output file: <./img/fondo-eps-converted-to.pdf>
(epstopdf)                    date: 2021-10-08 14:19:13
(epstopdf)                    size: 65954 bytes
(epstopdf)             Command: <epstopdf --outfile=./img/fondo-eps-converted-t
o.pdf ./img/fondo.eps>
(epstopdf)             \includegraphics on input line 163.
Package epstopdf Info: Output file is already uptodate.
File: ./img/fondo-eps-converted-to.pdf Graphic file (type pdf)
<use ./img/fondo-eps-converted-to.pdf>
Package pdftex.def Info: ./img/fondo-eps-converted-to.pdf  used on input line 1
63.
(pdftex.def)             Requested size: 597.52463pt x 845.10349pt.
 [5 <./img/ws_image1.png>]
<./img/ws_image2.png, id=116, 708.246pt x 378.213pt>
File: ./img/ws_image2.png Graphic file (type png)
<use ./img/ws_image2.png>
Package pdftex.def Info: ./img/ws_image2.png  used on input line 163.
(pdftex.def)             Requested size: 531.1832pt x 283.65904pt.

Overfull \hbox (47.48633pt too wide) in paragraph at lines 163--163
 [][] 
 []

<./img/ws_image3.png, id=117, 620.91975pt x 407.72325pt>
File: ./img/ws_image3.png Graphic file (type png)
<use ./img/ws_image3.png>
Package pdftex.def Info: ./img/ws_image3.png  used on input line 163.
(pdftex.def)             Requested size: 465.68866pt x 305.79167pt.
Package epstopdf Info: Source file: <./img/logorealsec.eps>
(epstopdf)                    date: 2021-10-08 14:19:13
(epstopdf)                    size: 65347 bytes
(epstopdf)             Output file: <./img/logorealsec-eps-converted-to.pdf>
(epstopdf)                    date: 2021-10-08 14:19:13
(epstopdf)                    size: 8646 bytes
(epstopdf)             Command: <epstopdf --outfile=./img/logorealsec-eps-conve
rted-to.pdf ./img/logorealsec.eps>
(epstopdf)             \includegraphics on input line 163.
Package epstopdf Info: Output file is already uptodate.
File: ./img/logorealsec-eps-converted-to.pdf Graphic file (type pdf)
<use ./img/logorealsec-eps-converted-to.pdf>
Package pdftex.def Info: ./img/logorealsec-eps-converted-to.pdf  used on input 
line 163.
(pdftex.def)             Requested size: 155.37773pt x 37.74031pt.
Package epstopdf Info: Source file: <./img/encabezado_dcho.eps>
(epstopdf)                    date: 2021-10-08 14:19:13
(epstopdf)                    size: 50987 bytes
(epstopdf)             Output file: <./img/encabezado_dcho-eps-converted-to.pdf
>
(epstopdf)                    date: 2021-11-10 14:06:39
(epstopdf)                    size: 7869 bytes
(epstopdf)             Command: <epstopdf --outfile=./img/encabezado_dcho-eps-c
onverted-to.pdf ./img/encabezado_dcho.eps>
(epstopdf)             \includegraphics on input line 163.
Package epstopdf Info: Output file is already uptodate.
File: ./img/encabezado_dcho-eps-converted-to.pdf Graphic file (type pdf)
<use ./img/encabezado_dcho-eps-converted-to.pdf>
Package pdftex.def Info: ./img/encabezado_dcho-eps-converted-to.pdf  used on in
put line 163.
(pdftex.def)             Requested size: 88.72992pt x 38.5433pt.
Package marginnote Info: Margin note 6.1 is on absolute page 6 on input line 16
3.
Package marginnote Info: right page because not two side mode on input line 163
.
Package marginnote Info: xpos seems to be 56.9055pt on input line 163.
File: ./img/cover_background.png Graphic file (type png)
<use ./img/cover_background.png>
Package pdftex.def Info: ./img/cover_background.png  used on input line 163.
(pdftex.def)             Requested size: 422.32678pt x 422.32678pt.
Package epstopdf Info: Source file: <./img/fondo.eps>
(epstopdf)                    date: 2021-10-08 14:19:13
(epstopdf)                    size: 82483 bytes
(epstopdf)             Output file: <./img/fondo-eps-converted-to.pdf>
(epstopdf)                    date: 2021-10-08 14:19:13
(epstopdf)                    size: 65954 bytes
(epstopdf)             Command: <epstopdf --outfile=./img/fondo-eps-converted-t
o.pdf ./img/fondo.eps>
(epstopdf)             \includegraphics on input line 163.
Package epstopdf Info: Output file is already uptodate.
File: ./img/fondo-eps-converted-to.pdf Graphic file (type pdf)
<use ./img/fondo-eps-converted-to.pdf>
Package pdftex.def Info: ./img/fondo-eps-converted-to.pdf  used on input line 1
63.
(pdftex.def)             Requested size: 597.52463pt x 845.10349pt.
[6 <./img/ws_image2.png>]
<./img/ws_image4.png, id=125, 648.021pt x 441.44925pt>
File: ./img/ws_image4.png Graphic file (type png)
<use ./img/ws_image4.png>
Package pdftex.def Info: ./img/ws_image4.png  used on input line 163.
(pdftex.def)             Requested size: 486.01456pt x 331.0861pt.

Overfull \hbox (2.31769pt too wide) in paragraph at lines 163--163
 [][] 
 []

Package epstopdf Info: Source file: <./img/logorealsec.eps>
(epstopdf)                    date: 2021-10-08 14:19:13
(epstopdf)                    size: 65347 bytes
(epstopdf)             Output file: <./img/logorealsec-eps-converted-to.pdf>
(epstopdf)                    date: 2021-10-08 14:19:13
(epstopdf)                    size: 8646 bytes
(epstopdf)             Command: <epstopdf --outfile=./img/logorealsec-eps-conve
rted-to.pdf ./img/logorealsec.eps>
(epstopdf)             \includegraphics on input line 163.
Package epstopdf Info: Output file is already uptodate.
File: ./img/logorealsec-eps-converted-to.pdf Graphic file (type pdf)
<use ./img/logorealsec-eps-converted-to.pdf>
Package pdftex.def Info: ./img/logorealsec-eps-converted-to.pdf  used on input 
line 163.
(pdftex.def)             Requested size: 155.37773pt x 37.74031pt.
Package epstopdf Info: Source file: <./img/encabezado_dcho.eps>
(epstopdf)                    date: 2021-10-08 14:19:13
(epstopdf)                    size: 50987 bytes
(epstopdf)             Output file: <./img/encabezado_dcho-eps-converted-to.pdf
>
(epstopdf)                    date: 2021-11-10 14:06:39
(epstopdf)                    size: 7869 bytes
(epstopdf)             Command: <epstopdf --outfile=./img/encabezado_dcho-eps-c
onverted-to.pdf ./img/encabezado_dcho.eps>
(epstopdf)             \includegraphics on input line 163.
Package epstopdf Info: Output file is already uptodate.
File: ./img/encabezado_dcho-eps-converted-to.pdf Graphic file (type pdf)
<use ./img/encabezado_dcho-eps-converted-to.pdf>
Package pdftex.def Info: ./img/encabezado_dcho-eps-converted-to.pdf  used on in
put line 163.
(pdftex.def)             Requested size: 88.72992pt x 38.5433pt.
Package marginnote Info: Margin note 7.1 is on absolute page 7 on input line 16
3.
Package marginnote Info: right page because not two side mode on input line 163
.
Package marginnote Info: xpos seems to be 56.9055pt on input line 163.
File: ./img/cover_background.png Graphic file (type png)
<use ./img/cover_background.png>
Package pdftex.def Info: ./img/cover_background.png  used on input line 163.
(pdftex.def)             Requested size: 422.32678pt x 422.32678pt.
Package epstopdf Info: Source file: <./img/fondo.eps>
(epstopdf)                    date: 2021-10-08 14:19:13
(epstopdf)                    size: 82483 bytes
(epstopdf)             Output file: <./img/fondo-eps-converted-to.pdf>
(epstopdf)                    date: 2021-10-08 14:19:13
(epstopdf)                    size: 65954 bytes
(epstopdf)             Command: <epstopdf --outfile=./img/fondo-eps-converted-t
o.pdf ./img/fondo.eps>
(epstopdf)             \includegraphics on input line 163.
Package epstopdf Info: Output file is already uptodate.
File: ./img/fondo-eps-converted-to.pdf Graphic file (type pdf)
<use ./img/fondo-eps-converted-to.pdf>
Package pdftex.def Info: ./img/fondo-eps-converted-to.pdf  used on input line 1
63.
(pdftex.def)             Requested size: 597.52463pt x 845.10349pt.
[7 <./img/ws_image3.png>]
Package epstopdf Info: Source file: <./img/logorealsec.eps>
(epstopdf)                    date: 2021-10-08 14:19:13
(epstopdf)                    size: 65347 bytes
(epstopdf)             Output file: <./img/logorealsec-eps-converted-to.pdf>
(epstopdf)                    date: 2021-10-08 14:19:13
(epstopdf)                    size: 8646 bytes
(epstopdf)             Command: <epstopdf --outfile=./img/logorealsec-eps-conve
rted-to.pdf ./img/logorealsec.eps>
(epstopdf)             \includegraphics on input line 163.
Package epstopdf Info: Output file is already uptodate.
File: ./img/logorealsec-eps-converted-to.pdf Graphic file (type pdf)
<use ./img/logorealsec-eps-converted-to.pdf>
Package pdftex.def Info: ./img/logorealsec-eps-converted-to.pdf  used on input 
line 163.
(pdftex.def)             Requested size: 155.37773pt x 37.74031pt.
Package epstopdf Info: Source file: <./img/encabezado_dcho.eps>
(epstopdf)                    date: 2021-10-08 14:19:13
(epstopdf)                    size: 50987 bytes
(epstopdf)             Output file: <./img/encabezado_dcho-eps-converted-to.pdf
>
(epstopdf)                    date: 2021-11-10 14:06:39
(epstopdf)                    size: 7869 bytes
(epstopdf)             Command: <epstopdf --outfile=./img/encabezado_dcho-eps-c
onverted-to.pdf ./img/encabezado_dcho.eps>
(epstopdf)             \includegraphics on input line 163.
Package epstopdf Info: Output file is already uptodate.
File: ./img/encabezado_dcho-eps-converted-to.pdf Graphic file (type pdf)
<use ./img/encabezado_dcho-eps-converted-to.pdf>
Package pdftex.def Info: ./img/encabezado_dcho-eps-converted-to.pdf  used on in
put line 163.
(pdftex.def)             Requested size: 88.72992pt x 38.5433pt.
Package marginnote Info: Margin note 8.1 is on absolute page 8 on input line 16
3.
Package marginnote Info: right page because not two side mode on input line 163
.
Package marginnote Info: xpos seems to be 56.9055pt on input line 163.
File: ./img/cover_background.png Graphic file (type png)
<use ./img/cover_background.png>
Package pdftex.def Info: ./img/cover_background.png  used on input line 163.
(pdftex.def)             Requested size: 422.32678pt x 422.32678pt.
Package epstopdf Info: Source file: <./img/fondo.eps>
(epstopdf)                    date: 2021-10-08 14:19:13
(epstopdf)                    size: 82483 bytes
(epstopdf)             Output file: <./img/fondo-eps-converted-to.pdf>
(epstopdf)                    date: 2021-10-08 14:19:13
(epstopdf)                    size: 65954 bytes
(epstopdf)             Command: <epstopdf --outfile=./img/fondo-eps-converted-t
o.pdf ./img/fondo.eps>
(epstopdf)             \includegraphics on input line 163.
Package epstopdf Info: Output file is already uptodate.
File: ./img/fondo-eps-converted-to.pdf Graphic file (type pdf)
<use ./img/fondo-eps-converted-to.pdf>
Package pdftex.def Info: ./img/fondo-eps-converted-to.pdf  used on input line 1
63.
(pdftex.def)             Requested size: 597.52463pt x 845.10349pt.
 [8 <./img/ws_image4.png>]
<./img/ws_image5.png, id=141, 795.57225pt x 414.348pt>
File: ./img/ws_image5.png Graphic file (type png)
<use ./img/ws_image5.png>
Package pdftex.def Info: ./img/ws_image5.png  used on input line 163.
(pdftex.def)             Requested size: 477.34703pt x 248.61072pt.
<./img/ws_image6.png, id=142, 660.066pt x 452.892pt>
File: ./img/ws_image6.png Graphic file (type png)
<use ./img/ws_image6.png>
Package pdftex.def Info: ./img/ws_image6.png  used on input line 163.
(pdftex.def)             Requested size: 495.04828pt x 339.66815pt.

Overfull \hbox (11.35141pt too wide) in paragraph at lines 163--163
 [][] 
 []

Package epstopdf Info: Source file: <./img/logorealsec.eps>
(epstopdf)                    date: 2021-10-08 14:19:13
(epstopdf)                    size: 65347 bytes
(epstopdf)             Output file: <./img/logorealsec-eps-converted-to.pdf>
(epstopdf)                    date: 2021-10-08 14:19:13
(epstopdf)                    size: 8646 bytes
(epstopdf)             Command: <epstopdf --outfile=./img/logorealsec-eps-conve
rted-to.pdf ./img/logorealsec.eps>
(epstopdf)             \includegraphics on input line 163.
Package epstopdf Info: Output file is already uptodate.
File: ./img/logorealsec-eps-converted-to.pdf Graphic file (type pdf)
<use ./img/logorealsec-eps-converted-to.pdf>
Package pdftex.def Info: ./img/logorealsec-eps-converted-to.pdf  used on input 
line 163.
(pdftex.def)             Requested size: 155.37773pt x 37.74031pt.
Package epstopdf Info: Source file: <./img/encabezado_dcho.eps>
(epstopdf)                    date: 2021-10-08 14:19:13
(epstopdf)                    size: 50987 bytes
(epstopdf)             Output file: <./img/encabezado_dcho-eps-converted-to.pdf
>
(epstopdf)                    date: 2021-11-10 14:06:39
(epstopdf)                    size: 7869 bytes
(epstopdf)             Command: <epstopdf --outfile=./img/encabezado_dcho-eps-c
onverted-to.pdf ./img/encabezado_dcho.eps>
(epstopdf)             \includegraphics on input line 163.
Package epstopdf Info: Output file is already uptodate.
File: ./img/encabezado_dcho-eps-converted-to.pdf Graphic file (type pdf)
<use ./img/encabezado_dcho-eps-converted-to.pdf>
Package pdftex.def Info: ./img/encabezado_dcho-eps-converted-to.pdf  used on in
put line 163.
(pdftex.def)             Requested size: 88.72992pt x 38.5433pt.
Package marginnote Info: Margin note 9.1 is on absolute page 9 on input line 16
3.
Package marginnote Info: right page because not two side mode on input line 163
.
Package marginnote Info: xpos seems to be 56.9055pt on input line 163.
File: ./img/cover_background.png Graphic file (type png)
<use ./img/cover_background.png>
Package pdftex.def Info: ./img/cover_background.png  used on input line 163.
(pdftex.def)             Requested size: 422.32678pt x 422.32678pt.
Package epstopdf Info: Source file: <./img/fondo.eps>
(epstopdf)                    date: 2021-10-08 14:19:13
(epstopdf)                    size: 82483 bytes
(epstopdf)             Output file: <./img/fondo-eps-converted-to.pdf>
(epstopdf)                    date: 2021-10-08 14:19:13
(epstopdf)                    size: 65954 bytes
(epstopdf)             Command: <epstopdf --outfile=./img/fondo-eps-converted-t
o.pdf ./img/fondo.eps>
(epstopdf)             \includegraphics on input line 163.
Package epstopdf Info: Output file is already uptodate.
File: ./img/fondo-eps-converted-to.pdf Graphic file (type pdf)
<use ./img/fondo-eps-converted-to.pdf>
Package pdftex.def Info: ./img/fondo-eps-converted-to.pdf  used on input line 1
63.
(pdftex.def)             Requested size: 597.52463pt x 845.10349pt.
[9 <./img/ws_image5.png>]
<./img/ws_image7.png, id=150, 516.7305pt x 340.8735pt>
File: ./img/ws_image7.png Graphic file (type png)
<use ./img/ws_image7.png>
Package pdftex.def Info: ./img/ws_image7.png  used on input line 163.
(pdftex.def)             Requested size: 387.54692pt x 255.65448pt.
Package epstopdf Info: Source file: <./img/logorealsec.eps>
(epstopdf)                    date: 2021-10-08 14:19:13
(epstopdf)                    size: 65347 bytes
(epstopdf)             Output file: <./img/logorealsec-eps-converted-to.pdf>
(epstopdf)                    date: 2021-10-08 14:19:13
(epstopdf)                    size: 8646 bytes
(epstopdf)             Command: <epstopdf --outfile=./img/logorealsec-eps-conve
rted-to.pdf ./img/logorealsec.eps>
(epstopdf)             \includegraphics on input line 163.
Package epstopdf Info: Output file is already uptodate.
File: ./img/logorealsec-eps-converted-to.pdf Graphic file (type pdf)
<use ./img/logorealsec-eps-converted-to.pdf>
Package pdftex.def Info: ./img/logorealsec-eps-converted-to.pdf  used on input 
line 163.
(pdftex.def)             Requested size: 155.37773pt x 37.74031pt.
Package epstopdf Info: Source file: <./img/encabezado_dcho.eps>
(epstopdf)                    date: 2021-10-08 14:19:13
(epstopdf)                    size: 50987 bytes
(epstopdf)             Output file: <./img/encabezado_dcho-eps-converted-to.pdf
>
(epstopdf)                    date: 2021-11-10 14:06:39
(epstopdf)                    size: 7869 bytes
(epstopdf)             Command: <epstopdf --outfile=./img/encabezado_dcho-eps-c
onverted-to.pdf ./img/encabezado_dcho.eps>
(epstopdf)             \includegraphics on input line 163.
Package epstopdf Info: Output file is already uptodate.
File: ./img/encabezado_dcho-eps-converted-to.pdf Graphic file (type pdf)
<use ./img/encabezado_dcho-eps-converted-to.pdf>
Package pdftex.def Info: ./img/encabezado_dcho-eps-converted-to.pdf  used on in
put line 163.
(pdftex.def)             Requested size: 88.72992pt x 38.5433pt.
Package marginnote Info: Margin note 10.1 is on absolute page 10 on input line 
163.
Package marginnote Info: right page because not two side mode on input line 163
.
Package marginnote Info: xpos seems to be 56.9055pt on input line 163.
File: ./img/cover_background.png Graphic file (type png)
<use ./img/cover_background.png>
Package pdftex.def Info: ./img/cover_background.png  used on input line 163.
(pdftex.def)             Requested size: 422.32678pt x 422.32678pt.
Package epstopdf Info: Source file: <./img/fondo.eps>
(epstopdf)                    date: 2021-10-08 14:19:13
(epstopdf)                    size: 82483 bytes
(epstopdf)             Output file: <./img/fondo-eps-converted-to.pdf>
(epstopdf)                    date: 2021-10-08 14:19:13
(epstopdf)                    size: 65954 bytes
(epstopdf)             Command: <epstopdf --outfile=./img/fondo-eps-converted-t
o.pdf ./img/fondo.eps>
(epstopdf)             \includegraphics on input line 163.
Package epstopdf Info: Output file is already uptodate.
File: ./img/fondo-eps-converted-to.pdf Graphic file (type pdf)
<use ./img/fondo-eps-converted-to.pdf>
Package pdftex.def Info: ./img/fondo-eps-converted-to.pdf  used on input line 1
63.
(pdftex.def)             Requested size: 597.52463pt x 845.10349pt.
 [10 <./img/ws_image6.png>]
<./img/ws_image8.png, id=156, 518.53725pt x 326.4195pt>
File: ./img/ws_image8.png Graphic file (type png)
<use ./img/ws_image8.png>
Package pdftex.def Info: ./img/ws_image8.png  used on input line 163.
(pdftex.def)             Requested size: 388.90198pt x 244.81401pt.
Package epstopdf Info: Source file: <./img/logorealsec.eps>
(epstopdf)                    date: 2021-10-08 14:19:13
(epstopdf)                    size: 65347 bytes
(epstopdf)             Output file: <./img/logorealsec-eps-converted-to.pdf>
(epstopdf)                    date: 2021-10-08 14:19:13
(epstopdf)                    size: 8646 bytes
(epstopdf)             Command: <epstopdf --outfile=./img/logorealsec-eps-conve
rted-to.pdf ./img/logorealsec.eps>
(epstopdf)             \includegraphics on input line 163.
Package epstopdf Info: Output file is already uptodate.
File: ./img/logorealsec-eps-converted-to.pdf Graphic file (type pdf)
<use ./img/logorealsec-eps-converted-to.pdf>
Package pdftex.def Info: ./img/logorealsec-eps-converted-to.pdf  used on input 
line 163.
(pdftex.def)             Requested size: 155.37773pt x 37.74031pt.
Package epstopdf Info: Source file: <./img/encabezado_dcho.eps>
(epstopdf)                    date: 2021-10-08 14:19:13
(epstopdf)                    size: 50987 bytes
(epstopdf)             Output file: <./img/encabezado_dcho-eps-converted-to.pdf
>
(epstopdf)                    date: 2021-11-10 14:06:39
(epstopdf)                    size: 7869 bytes
(epstopdf)             Command: <epstopdf --outfile=./img/encabezado_dcho-eps-c
onverted-to.pdf ./img/encabezado_dcho.eps>
(epstopdf)             \includegraphics on input line 163.
Package epstopdf Info: Output file is already uptodate.
File: ./img/encabezado_dcho-eps-converted-to.pdf Graphic file (type pdf)
<use ./img/encabezado_dcho-eps-converted-to.pdf>
Package pdftex.def Info: ./img/encabezado_dcho-eps-converted-to.pdf  used on in
put line 163.
(pdftex.def)             Requested size: 88.72992pt x 38.5433pt.
Package marginnote Info: Margin note 11.1 is on absolute page 11 on input line 
163.
Package marginnote Info: right page because not two side mode on input line 163
.
Package marginnote Info: xpos seems to be 56.9055pt on input line 163.
File: ./img/cover_background.png Graphic file (type png)
<use ./img/cover_background.png>
Package pdftex.def Info: ./img/cover_background.png  used on input line 163.
(pdftex.def)             Requested size: 422.32678pt x 422.32678pt.
Package epstopdf Info: Source file: <./img/fondo.eps>
(epstopdf)                    date: 2021-10-08 14:19:13
(epstopdf)                    size: 82483 bytes
(epstopdf)             Output file: <./img/fondo-eps-converted-to.pdf>
(epstopdf)                    date: 2021-10-08 14:19:13
(epstopdf)                    size: 65954 bytes
(epstopdf)             Command: <epstopdf --outfile=./img/fondo-eps-converted-t
o.pdf ./img/fondo.eps>
(epstopdf)             \includegraphics on input line 163.
Package epstopdf Info: Output file is already uptodate.
File: ./img/fondo-eps-converted-to.pdf Graphic file (type pdf)
<use ./img/fondo-eps-converted-to.pdf>
Package pdftex.def Info: ./img/fondo-eps-converted-to.pdf  used on input line 1
63.
(pdftex.def)             Requested size: 597.52463pt x 845.10349pt.
 [11 <./img/ws_image7.png> <./img/ws_image8.png>]
<./img/ws_image9.png, id=165, 563.706pt x 513.117pt>
File: ./img/ws_image9.png Graphic file (type png)
<use ./img/ws_image9.png>
Package pdftex.def Info: ./img/ws_image9.png  used on input line 163.
(pdftex.def)             Requested size: 422.77846pt x 384.8368pt.
<./img/ws_image10.png, id=166, 540.8205pt x 324.0105pt>
File: ./img/ws_image10.png Graphic file (type png)
<use ./img/ws_image10.png>
Package pdftex.def Info: ./img/ws_image10.png  used on input line 163.
(pdftex.def)             Requested size: 405.61436pt x 243.00728pt.
Package epstopdf Info: Source file: <./img/logorealsec.eps>
(epstopdf)                    date: 2021-10-08 14:19:13
(epstopdf)                    size: 65347 bytes
(epstopdf)             Output file: <./img/logorealsec-eps-converted-to.pdf>
(epstopdf)                    date: 2021-10-08 14:19:13
(epstopdf)                    size: 8646 bytes
(epstopdf)             Command: <epstopdf --outfile=./img/logorealsec-eps-conve
rted-to.pdf ./img/logorealsec.eps>
(epstopdf)             \includegraphics on input line 164.
Package epstopdf Info: Output file is already uptodate.
File: ./img/logorealsec-eps-converted-to.pdf Graphic file (type pdf)
<use ./img/logorealsec-eps-converted-to.pdf>
Package pdftex.def Info: ./img/logorealsec-eps-converted-to.pdf  used on input 
line 164.
(pdftex.def)             Requested size: 155.37773pt x 37.74031pt.
Package epstopdf Info: Source file: <./img/encabezado_dcho.eps>
(epstopdf)                    date: 2021-10-08 14:19:13
(epstopdf)                    size: 50987 bytes
(epstopdf)             Output file: <./img/encabezado_dcho-eps-converted-to.pdf
>
(epstopdf)                    date: 2021-11-10 14:06:39
(epstopdf)                    size: 7869 bytes
(epstopdf)             Command: <epstopdf --outfile=./img/encabezado_dcho-eps-c
onverted-to.pdf ./img/encabezado_dcho.eps>
(epstopdf)             \includegraphics on input line 164.
Package epstopdf Info: Output file is already uptodate.
File: ./img/encabezado_dcho-eps-converted-to.pdf Graphic file (type pdf)
<use ./img/encabezado_dcho-eps-converted-to.pdf>
Package pdftex.def Info: ./img/encabezado_dcho-eps-converted-to.pdf  used on in
put line 164.
(pdftex.def)             Requested size: 88.72992pt x 38.5433pt.
Package marginnote Info: Margin note 12.1 is on absolute page 12 on input line 
164.
Package marginnote Info: right page because not two side mode on input line 164
.
Package marginnote Info: xpos seems to be 56.9055pt on input line 164.
File: ./img/cover_background.png Graphic file (type png)
<use ./img/cover_background.png>
Package pdftex.def Info: ./img/cover_background.png  used on input line 164.
(pdftex.def)             Requested size: 422.32678pt x 422.32678pt.
Package epstopdf Info: Source file: <./img/fondo.eps>
(epstopdf)                    date: 2021-10-08 14:19:13
(epstopdf)                    size: 82483 bytes
(epstopdf)             Output file: <./img/fondo-eps-converted-to.pdf>
(epstopdf)                    date: 2021-10-08 14:19:13
(epstopdf)                    size: 65954 bytes
(epstopdf)             Command: <epstopdf --outfile=./img/fondo-eps-converted-t
o.pdf ./img/fondo.eps>
(epstopdf)             \includegraphics on input line 164.
Package epstopdf Info: Output file is already uptodate.
File: ./img/fondo-eps-converted-to.pdf Graphic file (type pdf)
<use ./img/fondo-eps-converted-to.pdf>
Package pdftex.def Info: ./img/fondo-eps-converted-to.pdf  used on input line 1
64.
(pdftex.def)             Requested size: 597.52463pt x 845.10349pt.
 [12 <./img/ws_image9.png>]
Package epstopdf Info: Source file: <./img/logorealsec.eps>
(epstopdf)                    date: 2021-10-08 14:19:13
(epstopdf)                    size: 65347 bytes
(epstopdf)             Output file: <./img/logorealsec-eps-converted-to.pdf>
(epstopdf)                    date: 2021-10-08 14:19:13
(epstopdf)                    size: 8646 bytes
(epstopdf)             Command: <epstopdf --outfile=./img/logorealsec-eps-conve
rted-to.pdf ./img/logorealsec.eps>
(epstopdf)             \includegraphics on input line 165.
Package epstopdf Info: Output file is already uptodate.
File: ./img/logorealsec-eps-converted-to.pdf Graphic file (type pdf)
<use ./img/logorealsec-eps-converted-to.pdf>
Package pdftex.def Info: ./img/logorealsec-eps-converted-to.pdf  used on input 
line 165.
(pdftex.def)             Requested size: 155.37773pt x 37.74031pt.
Package epstopdf Info: Source file: <./img/encabezado_dcho.eps>
(epstopdf)                    date: 2021-10-08 14:19:13
(epstopdf)                    size: 50987 bytes
(epstopdf)             Output file: <./img/encabezado_dcho-eps-converted-to.pdf
>
(epstopdf)                    date: 2021-11-10 14:06:39
(epstopdf)                    size: 7869 bytes
(epstopdf)             Command: <epstopdf --outfile=./img/encabezado_dcho-eps-c
onverted-to.pdf ./img/encabezado_dcho.eps>
(epstopdf)             \includegraphics on input line 165.
Package epstopdf Info: Output file is already uptodate.
File: ./img/encabezado_dcho-eps-converted-to.pdf Graphic file (type pdf)
<use ./img/encabezado_dcho-eps-converted-to.pdf>
Package pdftex.def Info: ./img/encabezado_dcho-eps-converted-to.pdf  used on in
put line 165.
(pdftex.def)             Requested size: 88.72992pt x 38.5433pt.
Package marginnote Info: Margin note 13.1 is on absolute page 13 on input line 
165.
Package marginnote Info: right page because not two side mode on input line 165
.
Package marginnote Info: xpos seems to be 56.9055pt on input line 165.
File: ./img/cover_background.png Graphic file (type png)
<use ./img/cover_background.png>
Package pdftex.def Info: ./img/cover_background.png  used on input line 165.
(pdftex.def)             Requested size: 422.32678pt x 422.32678pt.
Package epstopdf Info: Source file: <./img/fondo.eps>
(epstopdf)                    date: 2021-10-08 14:19:13
(epstopdf)                    size: 82483 bytes
(epstopdf)             Output file: <./img/fondo-eps-converted-to.pdf>
(epstopdf)                    date: 2021-10-08 14:19:13
(epstopdf)                    size: 65954 bytes
(epstopdf)             Command: <epstopdf --outfile=./img/fondo-eps-converted-t
o.pdf ./img/fondo.eps>
(epstopdf)             \includegraphics on input line 165.
Package epstopdf Info: Output file is already uptodate.
File: ./img/fondo-eps-converted-to.pdf Graphic file (type pdf)
<use ./img/fondo-eps-converted-to.pdf>
Package pdftex.def Info: ./img/fondo-eps-converted-to.pdf  used on input line 1
65.
(pdftex.def)             Requested size: 597.52463pt x 845.10349pt.
 [13 <./img/ws_image10.png>]
(ws.aux
LaTeX Info: Redefining \. on input line 25.
LaTeX Info: Redefining \% on input line 25.
)
Package rerunfilecheck Info: File `ws.out' has not changed.
(rerunfilecheck)             Checksum: 18543F2046365FDA6CDD96F6FF3741BA;1257.
 ) ) 
Here is how much of TeX's memory you used:
 22616 strings out of 479334
 414216 string characters out of 2857084
 810347 words of memory out of 3000000
 39617 multiletter control sequences out of 15000+200000
 414656 words of font info for 47 fonts, out of 3000000 for 9000
 1141 hyphenation exceptions out of 8191
 92i,26n,91p,536b,895s stack positions out of 5000i,500n,10000p,200000b,50000s
 <C:\Users\carlo\AppData\Local\MiKTeX\fonts/pk/ljfour/jknappen/ec/dpi600\ec
bx1440.pk> <C:\Users\carlo\AppData\Local\MiKTeX\fonts/pk/ljfour/jknappen/ec/dpi
600\ecbx0600.pk> <C:\Users\carlo\AppData\Local\MiKTeX\fonts/pk/ljfour/jknappen/
ec/dpi600\ecrm0600.pk> <C:\Users\carlo\AppData\Local\MiKTeX\fonts/pk/ljfour/jkn
appen/ec/dpi600\ecrm1200.pk> <C:\Users\carlo\AppData\Local\MiKTeX\fonts/pk/ljfo
ur/jknappen/ec/dpi600\ecrm1095.pk> <C:\Users\carlo\AppData\Local\MiKTeX\fonts/p
k/ljfour/jknappen/ec/dpi600\ecbx1200.pk> <C:\Users\carlo\AppData\Local\MiKTeX\f
onts/pk/ljfour/jknappen/ec/dpi600\ecrm1728.pk> <C:\Users\carlo\AppData\Local\Mi
KTeX\fonts/pk/ljfour/jknappen/ec/dpi600\ecbx1728.pk> <C:\Users\carlo\AppData\Lo
cal\MiKTeX\fonts/pk/ljfour/jknappen/ec/dpi600\ecbx2488.pk>
Output written on ws.pdf (13 pages, 1786388 bytes).
PDF statistics:
 476 PDF objects out of 1000 (max. 8388607)
 38 named destinations out of 1000 (max. 500000)
 181 words of extra memory for PDF output out of 10000 (max. 10000000)

